<?xml version="1.0" encoding="utf-8"?>
<CoverageSession xmlns:xsd="http://www.w3.org/2001/XMLSchema" xmlns:xsi="http://www.w3.org/2001/XMLSchema-instance" Version="0.0.0.0">
  <Summary numSequencePoints="2477" visitedSequencePoints="1033" numBranchPoints="0" visitedBranchPoints="0" sequenceCoverage="41.70" branchCoverage="0.0" maxCyclomaticComplexity="0" minCyclomaticComplexity="0" maxCrapScore="0" minCrapScore="0" visitedClasses="57" numClasses="99" visitedMethods="140" numMethods="331" />
  <Modules>
    <Module>
      <Summary numSequencePoints="209" visitedSequencePoints="196" numBranchPoints="0" visitedBranchPoints="0" sequenceCoverage="93.78" branchCoverage="0.0" maxCyclomaticComplexity="0" minCyclomaticComplexity="0" maxCrapScore="0" minCrapScore="0" visitedClasses="19" numClasses="19" visitedMethods="24" numMethods="24" />
      <ModuleTime>0001-01-01T00:00:00</ModuleTime>
      <ModuleName>Tests</ModuleName>
      <Files>
        <File uid="1" fullPath="C:/Users/willt/OneDrive/Documents/Treevolution/Treevolution/Assets/Tests/DictationTests.cs" />
        <File uid="2" fullPath="C:/Users/willt/OneDrive/Documents/Treevolution/Treevolution/Assets/Tests/GameStateManagerTests.cs" />
        <File uid="3" fullPath="C:/Users/willt/OneDrive/Documents/Treevolution/Treevolution/Assets/Tests/PathfindingTests.cs" />
        <File uid="4" fullPath="C:/Users/willt/OneDrive/Documents/Treevolution/Treevolution/Assets/Tests/TowerGenerationTests.cs" />
      </Files>
      <Classes>
        <Class>
          <Summary numSequencePoints="37" visitedSequencePoints="37" numBranchPoints="0" visitedBranchPoints="0" sequenceCoverage="100.0" branchCoverage="0.0" maxCyclomaticComplexity="0" minCyclomaticComplexity="0" maxCrapScore="0" minCrapScore="0" visitedClasses="1" numClasses="1" visitedMethods="4" numMethods="4" />
          <FullName>DictationTests</FullName>
          <Methods>
            <Method visited="true" cyclomaticComplexity="0" nPathComplexity="0" sequenceCoverage="100.0" branchCoverage="0" crapScore="0" isConstructor="false" isStatic="false" isGetter="false" isSetter="false">
              <Summary numSequencePoints="12" visitedSequencePoints="12" numBranchPoints="0" visitedBranchPoints="0" sequenceCoverage="100.0" branchCoverage="0" maxCyclomaticComplexity="0" minCyclomaticComplexity="0" maxCrapScore="0" minCrapScore="0" visitedClasses="0" numClasses="0" visitedMethods="1" numMethods="1" />
              <MetadataToken>100663304</MetadataToken>
              <Name>System.Void DictationTests::setupBasicMovementScene(UnityEngine.GameObject&amp;)</Name>
              <FileRef uid="1" />
              <SequencePoints>
                <SequencePoint vc="7" uspid="1" ordinal="0" offset="0" sl="112" sc="5" el="112" ec="5" bec="0" bev="0" fileid="1" />
                <SequencePoint vc="7" uspid="2" ordinal="0" offset="1" sl="113" sc="9" el="113" ec="9" bec="0" bev="0" fileid="1" />
                <SequencePoint vc="7" uspid="3" ordinal="0" offset="7" sl="114" sc="9" el="114" ec="9" bec="0" bev="0" fileid="1" />
                <SequencePoint vc="7" uspid="4" ordinal="0" offset="19" sl="116" sc="9" el="116" ec="9" bec="0" bev="0" fileid="1" />
                <SequencePoint vc="7" uspid="5" ordinal="0" offset="25" sl="117" sc="9" el="117" ec="9" bec="0" bev="0" fileid="1" />
                <SequencePoint vc="7" uspid="6" ordinal="0" offset="37" sl="119" sc="9" el="119" ec="9" bec="0" bev="0" fileid="1" />
                <SequencePoint vc="7" uspid="7" ordinal="0" offset="44" sl="120" sc="9" el="120" ec="9" bec="0" bev="0" fileid="1" />
                <SequencePoint vc="7" uspid="8" ordinal="0" offset="77" sl="121" sc="9" el="121" ec="9" bec="0" bev="0" fileid="1" />
                <SequencePoint vc="7" uspid="9" ordinal="0" offset="84" sl="122" sc="9" el="122" ec="9" bec="0" bev="0" fileid="1" />
                <SequencePoint vc="7" uspid="10" ordinal="0" offset="92" sl="123" sc="9" el="123" ec="9" bec="0" bev="0" fileid="1" />
                <SequencePoint vc="7" uspid="11" ordinal="0" offset="99" sl="124" sc="9" el="124" ec="9" bec="0" bev="0" fileid="1" />
                <SequencePoint vc="7" uspid="12" ordinal="0" offset="106" sl="125" sc="5" el="125" ec="5" bec="0" bev="0" fileid="1" />
              </SequencePoints>
              <BranchPoints />
            </Method>
            <Method visited="true" cyclomaticComplexity="0" nPathComplexity="0" sequenceCoverage="100.0" branchCoverage="0" crapScore="0" isConstructor="false" isStatic="false" isGetter="false" isSetter="false">
              <Summary numSequencePoints="3" visitedSequencePoints="3" numBranchPoints="0" visitedBranchPoints="0" sequenceCoverage="100.0" branchCoverage="0" maxCyclomaticComplexity="0" minCyclomaticComplexity="0" maxCrapScore="0" minCrapScore="0" visitedClasses="0" numClasses="0" visitedMethods="1" numMethods="1" />
              <MetadataToken>100663305</MetadataToken>
              <Name>System.Void DictationTests::setupAttackScene(UnityEngine.GameObject&amp;, UnityEngine.GameObject&amp;)</Name>
              <FileRef uid="1" />
              <SequencePoints>
                <SequencePoint vc="4" uspid="13" ordinal="0" offset="0" sl="128" sc="5" el="128" ec="5" bec="0" bev="0" fileid="1" />
                <SequencePoint vc="4" uspid="14" ordinal="0" offset="1" sl="130" sc="9" el="130" ec="9" bec="0" bev="0" fileid="1" />
                <SequencePoint vc="4" uspid="15" ordinal="0" offset="12" sl="131" sc="5" el="131" ec="5" bec="0" bev="0" fileid="1" />
              </SequencePoints>
              <BranchPoints />
            </Method>
            <Method visited="true" cyclomaticComplexity="0" nPathComplexity="0" sequenceCoverage="100.0" branchCoverage="0" crapScore="0" isConstructor="false" isStatic="false" isGetter="false" isSetter="false">
              <Summary numSequencePoints="13" visitedSequencePoints="13" numBranchPoints="0" visitedBranchPoints="0" sequenceCoverage="100.0" branchCoverage="0" maxCyclomaticComplexity="0" minCyclomaticComplexity="0" maxCrapScore="0" minCrapScore="0" visitedClasses="0" numClasses="0" visitedMethods="1" numMethods="1" />
              <MetadataToken>100663306</MetadataToken>
              <Name>System.Void DictationTests::setupAttackScene(UnityEngine.GameObject&amp;, UnityEngine.GameObject&amp;, UnityEngine.GameObject&amp;)</Name>
              <FileRef uid="1" />
              <SequencePoints>
                <SequencePoint vc="5" uspid="16" ordinal="0" offset="0" sl="134" sc="5" el="134" ec="5" bec="0" bev="0" fileid="1" />
                <SequencePoint vc="5" uspid="17" ordinal="0" offset="1" sl="135" sc="9" el="135" ec="9" bec="0" bev="0" fileid="1" />
                <SequencePoint vc="5" uspid="18" ordinal="0" offset="9" sl="136" sc="9" el="136" ec="9" bec="0" bev="0" fileid="1" />
                <SequencePoint vc="5" uspid="19" ordinal="0" offset="20" sl="137" sc="9" el="137" ec="9" bec="0" bev="0" fileid="1" />
                <SequencePoint vc="5" uspid="20" ordinal="0" offset="27" sl="138" sc="9" el="138" ec="9" bec="0" bev="0" fileid="1" />
                <SequencePoint vc="5" uspid="21" ordinal="0" offset="34" sl="139" sc="9" el="139" ec="9" bec="0" bev="0" fileid="1" />
                <SequencePoint vc="5" uspid="22" ordinal="0" offset="67" sl="140" sc="9" el="140" ec="9" bec="0" bev="0" fileid="1" />
                <SequencePoint vc="5" uspid="23" ordinal="0" offset="75" sl="141" sc="9" el="141" ec="9" bec="0" bev="0" fileid="1" />
                <SequencePoint vc="5" uspid="24" ordinal="0" offset="82" sl="142" sc="9" el="142" ec="9" bec="0" bev="0" fileid="1" />
                <SequencePoint vc="5" uspid="25" ordinal="0" offset="115" sl="143" sc="9" el="143" ec="9" bec="0" bev="0" fileid="1" />
                <SequencePoint vc="5" uspid="26" ordinal="0" offset="123" sl="144" sc="9" el="144" ec="9" bec="0" bev="0" fileid="1" />
                <SequencePoint vc="5" uspid="27" ordinal="0" offset="132" sl="145" sc="9" el="145" ec="9" bec="0" bev="0" fileid="1" />
                <SequencePoint vc="5" uspid="28" ordinal="0" offset="141" sl="146" sc="5" el="146" ec="5" bec="0" bev="0" fileid="1" />
              </SequencePoints>
              <BranchPoints />
            </Method>
            <Method visited="true" cyclomaticComplexity="0" nPathComplexity="0" sequenceCoverage="100.0" branchCoverage="0" crapScore="0" isConstructor="false" isStatic="false" isGetter="false" isSetter="false">
              <Summary numSequencePoints="9" visitedSequencePoints="9" numBranchPoints="0" visitedBranchPoints="0" sequenceCoverage="100.0" branchCoverage="0" maxCyclomaticComplexity="0" minCyclomaticComplexity="0" maxCrapScore="0" minCrapScore="0" visitedClasses="0" numClasses="0" visitedMethods="1" numMethods="1" />
              <MetadataToken>100663307</MetadataToken>
              <Name>System.Void DictationTests::ResetScene()</Name>
              <FileRef uid="1" />
              <SequencePoints>
                <SequencePoint vc="7" uspid="29" ordinal="0" offset="0" sl="150" sc="5" el="150" ec="5" bec="0" bev="0" fileid="1" />
                <SequencePoint vc="7" uspid="30" ordinal="0" offset="1" sl="151" sc="9" el="151" ec="9" bec="0" bev="0" fileid="1" />
                <SequencePoint vc="7" uspid="31" ordinal="0" offset="17" sl="152" sc="13" el="152" ec="13" bec="0" bev="0" fileid="1" />
                <SequencePoint vc="39" uspid="32" ordinal="0" offset="21" sl="153" sc="9" el="153" ec="9" bec="0" bev="0" fileid="1" />
                <SequencePoint vc="39" uspid="33" ordinal="0" offset="22" sl="154" sc="13" el="154" ec="13" bec="0" bev="0" fileid="1" />
                <SequencePoint vc="39" uspid="34" ordinal="0" offset="31" sl="155" sc="9" el="155" ec="9" bec="0" bev="0" fileid="1" />
                <SequencePoint vc="39" uspid="35" ordinal="0" offset="32" sl="152" sc="38" el="152" ec="38" bec="0" bev="0" fileid="1" />
                <SequencePoint vc="46" uspid="36" ordinal="0" offset="36" sl="152" sc="22" el="152" ec="22" bec="0" bev="0" fileid="1" />
                <SequencePoint vc="7" uspid="37" ordinal="0" offset="46" sl="156" sc="5" el="156" ec="5" bec="0" bev="0" fileid="1" />
              </SequencePoints>
              <BranchPoints />
            </Method>
          </Methods>
        </Class>
        <Class>
          <Summary numSequencePoints="42" visitedSequencePoints="29" numBranchPoints="0" visitedBranchPoints="0" sequenceCoverage="69.05" branchCoverage="0.0" maxCyclomaticComplexity="0" minCyclomaticComplexity="0" maxCrapScore="0" minCrapScore="0" visitedClasses="1" numClasses="1" visitedMethods="1" numMethods="1" />
          <FullName>GameStateManagerTests</FullName>
          <Methods>
            <Method visited="true" cyclomaticComplexity="0" nPathComplexity="0" sequenceCoverage="69.05" branchCoverage="0" crapScore="0" isConstructor="false" isStatic="false" isGetter="false" isSetter="false">
              <Summary numSequencePoints="42" visitedSequencePoints="29" numBranchPoints="0" visitedBranchPoints="0" sequenceCoverage="69.05" branchCoverage="0" maxCyclomaticComplexity="0" minCyclomaticComplexity="0" maxCrapScore="0" minCrapScore="0" visitedClasses="0" numClasses="0" visitedMethods="1" numMethods="1" />
              <MetadataToken>100663309</MetadataToken>
              <Name>System.Void GameStateManagerTests::GameStateManagerStateTransitions()</Name>
              <FileRef uid="2" />
              <SequencePoints>
                <SequencePoint vc="1" uspid="38" ordinal="0" offset="0" sl="12" sc="5" el="12" ec="5" bec="0" bev="0" fileid="2" />
                <SequencePoint vc="1" uspid="39" ordinal="0" offset="1" sl="14" sc="9" el="14" ec="9" bec="0" bev="0" fileid="2" />
                <SequencePoint vc="1" uspid="40" ordinal="0" offset="7" sl="15" sc="9" el="15" ec="9" bec="0" bev="0" fileid="2" />
                <SequencePoint vc="1" uspid="41" ordinal="0" offset="14" sl="16" sc="9" el="16" ec="9" bec="0" bev="0" fileid="2" />
                <SequencePoint vc="1" uspid="42" ordinal="0" offset="21" sl="17" sc="9" el="17" ec="9" bec="0" bev="0" fileid="2" />
                <SequencePoint vc="1" uspid="43" ordinal="0" offset="67" sl="18" sc="9" el="18" ec="9" bec="0" bev="0" fileid="2" />
                <SequencePoint vc="1" uspid="44" ordinal="0" offset="90" sl="22" sc="9" el="22" ec="9" bec="0" bev="0" fileid="2" />
                <SequencePoint vc="1" uspid="45" ordinal="0" offset="91" sl="23" sc="13" el="23" ec="13" bec="0" bev="0" fileid="2" />
                <SequencePoint vc="0" uspid="46" ordinal="0" offset="98" sl="24" sc="9" el="24" ec="9" bec="0" bev="0" fileid="2" />
                <SequencePoint vc="1" uspid="47" ordinal="0" offset="101" sl="25" sc="9" el="25" ec="9" bec="0" bev="0" fileid="2" />
                <SequencePoint vc="1" uspid="48" ordinal="0" offset="102" sl="26" sc="9" el="26" ec="9" bec="0" bev="0" fileid="2" />
                <SequencePoint vc="1" uspid="49" ordinal="0" offset="103" sl="26" sc="11" el="26" ec="11" bec="0" bev="0" fileid="2" />
                <SequencePoint vc="1" uspid="50" ordinal="0" offset="106" sl="27" sc="9" el="27" ec="9" bec="0" bev="0" fileid="2" />
                <SequencePoint vc="1" uspid="51" ordinal="0" offset="129" sl="31" sc="9" el="31" ec="9" bec="0" bev="0" fileid="2" />
                <SequencePoint vc="1" uspid="52" ordinal="0" offset="130" sl="32" sc="13" el="32" ec="13" bec="0" bev="0" fileid="2" />
                <SequencePoint vc="1" uspid="53" ordinal="0" offset="137" sl="33" sc="9" el="33" ec="9" bec="0" bev="0" fileid="2" />
                <SequencePoint vc="0" uspid="54" ordinal="0" offset="140" sl="34" sc="9" el="34" ec="9" bec="0" bev="0" fileid="2" />
                <SequencePoint vc="0" uspid="55" ordinal="0" offset="141" sl="35" sc="9" el="35" ec="9" bec="0" bev="0" fileid="2" />
                <SequencePoint vc="0" uspid="56" ordinal="0" offset="142" sl="35" sc="11" el="35" ec="11" bec="0" bev="0" fileid="2" />
                <SequencePoint vc="1" uspid="57" ordinal="0" offset="145" sl="36" sc="9" el="36" ec="9" bec="0" bev="0" fileid="2" />
                <SequencePoint vc="1" uspid="58" ordinal="0" offset="168" sl="40" sc="9" el="40" ec="9" bec="0" bev="0" fileid="2" />
                <SequencePoint vc="1" uspid="59" ordinal="0" offset="169" sl="41" sc="13" el="41" ec="13" bec="0" bev="0" fileid="2" />
                <SequencePoint vc="1" uspid="60" ordinal="0" offset="176" sl="42" sc="9" el="42" ec="9" bec="0" bev="0" fileid="2" />
                <SequencePoint vc="0" uspid="61" ordinal="0" offset="179" sl="43" sc="9" el="43" ec="9" bec="0" bev="0" fileid="2" />
                <SequencePoint vc="0" uspid="62" ordinal="0" offset="181" sl="44" sc="9" el="44" ec="9" bec="0" bev="0" fileid="2" />
                <SequencePoint vc="0" uspid="63" ordinal="0" offset="182" sl="44" sc="11" el="44" ec="11" bec="0" bev="0" fileid="2" />
                <SequencePoint vc="1" uspid="64" ordinal="0" offset="185" sl="45" sc="9" el="45" ec="9" bec="0" bev="0" fileid="2" />
                <SequencePoint vc="1" uspid="65" ordinal="0" offset="208" sl="49" sc="9" el="49" ec="9" bec="0" bev="0" fileid="2" />
                <SequencePoint vc="1" uspid="66" ordinal="0" offset="209" sl="50" sc="13" el="50" ec="13" bec="0" bev="0" fileid="2" />
                <SequencePoint vc="1" uspid="67" ordinal="0" offset="216" sl="51" sc="9" el="51" ec="9" bec="0" bev="0" fileid="2" />
                <SequencePoint vc="0" uspid="68" ordinal="0" offset="219" sl="52" sc="9" el="52" ec="9" bec="0" bev="0" fileid="2" />
                <SequencePoint vc="0" uspid="69" ordinal="0" offset="221" sl="53" sc="9" el="53" ec="9" bec="0" bev="0" fileid="2" />
                <SequencePoint vc="0" uspid="70" ordinal="0" offset="222" sl="53" sc="11" el="53" ec="11" bec="0" bev="0" fileid="2" />
                <SequencePoint vc="1" uspid="71" ordinal="0" offset="225" sl="54" sc="9" el="54" ec="9" bec="0" bev="0" fileid="2" />
                <SequencePoint vc="1" uspid="72" ordinal="0" offset="248" sl="58" sc="9" el="58" ec="9" bec="0" bev="0" fileid="2" />
                <SequencePoint vc="1" uspid="73" ordinal="0" offset="249" sl="59" sc="13" el="59" ec="13" bec="0" bev="0" fileid="2" />
                <SequencePoint vc="1" uspid="74" ordinal="0" offset="256" sl="60" sc="9" el="60" ec="9" bec="0" bev="0" fileid="2" />
                <SequencePoint vc="0" uspid="75" ordinal="0" offset="259" sl="61" sc="9" el="61" ec="9" bec="0" bev="0" fileid="2" />
                <SequencePoint vc="0" uspid="76" ordinal="0" offset="261" sl="62" sc="9" el="62" ec="9" bec="0" bev="0" fileid="2" />
                <SequencePoint vc="0" uspid="77" ordinal="0" offset="262" sl="62" sc="11" el="62" ec="11" bec="0" bev="0" fileid="2" />
                <SequencePoint vc="1" uspid="78" ordinal="0" offset="265" sl="63" sc="9" el="63" ec="9" bec="0" bev="0" fileid="2" />
                <SequencePoint vc="1" uspid="79" ordinal="0" offset="288" sl="64" sc="5" el="64" ec="5" bec="0" bev="0" fileid="2" />
              </SequencePoints>
              <BranchPoints />
            </Method>
          </Methods>
        </Class>
        <Class>
          <Summary numSequencePoints="31" visitedSequencePoints="31" numBranchPoints="0" visitedBranchPoints="0" sequenceCoverage="100.0" branchCoverage="0.0" maxCyclomaticComplexity="0" minCyclomaticComplexity="0" maxCrapScore="0" minCrapScore="0" visitedClasses="1" numClasses="1" visitedMethods="2" numMethods="2" />
          <FullName>PathfindingTests</FullName>
          <Methods>
            <Method visited="true" cyclomaticComplexity="0" nPathComplexity="0" sequenceCoverage="100.0" branchCoverage="0" crapScore="0" isConstructor="false" isStatic="false" isGetter="false" isSetter="false">
              <Summary numSequencePoints="6" visitedSequencePoints="6" numBranchPoints="0" visitedBranchPoints="0" sequenceCoverage="100.0" branchCoverage="0" maxCyclomaticComplexity="0" minCyclomaticComplexity="0" maxCrapScore="0" minCrapScore="0" visitedClasses="0" numClasses="0" visitedMethods="1" numMethods="1" />
              <MetadataToken>100663312</MetadataToken>
              <Name>System.Void PathfindingTests::PathfindingGraphGeneratorWorksWithoutObstacles()</Name>
              <FileRef uid="3" />
              <SequencePoints>
                <SequencePoint vc="1" uspid="80" ordinal="0" offset="0" sl="23" sc="5" el="23" ec="5" bec="0" bev="0" fileid="3" />
                <SequencePoint vc="1" uspid="81" ordinal="0" offset="1" sl="24" sc="9" el="24" ec="9" bec="0" bev="0" fileid="3" />
                <SequencePoint vc="1" uspid="82" ordinal="0" offset="8" sl="25" sc="9" el="25" ec="9" bec="0" bev="0" fileid="3" />
                <SequencePoint vc="1" uspid="83" ordinal="0" offset="20" sl="26" sc="9" el="26" ec="9" bec="0" bev="0" fileid="3" />
                <SequencePoint vc="1" uspid="84" ordinal="0" offset="27" sl="27" sc="9" el="27" ec="9" bec="0" bev="0" fileid="3" />
                <SequencePoint vc="1" uspid="85" ordinal="0" offset="51" sl="28" sc="5" el="28" ec="5" bec="0" bev="0" fileid="3" />
              </SequencePoints>
              <BranchPoints />
            </Method>
            <Method visited="true" cyclomaticComplexity="0" nPathComplexity="0" sequenceCoverage="100.0" branchCoverage="0" crapScore="0" isConstructor="false" isStatic="false" isGetter="false" isSetter="false">
              <Summary numSequencePoints="25" visitedSequencePoints="25" numBranchPoints="0" visitedBranchPoints="0" sequenceCoverage="100.0" branchCoverage="0" maxCyclomaticComplexity="0" minCyclomaticComplexity="0" maxCrapScore="0" minCrapScore="0" visitedClasses="0" numClasses="0" visitedMethods="1" numMethods="1" />
              <MetadataToken>100663313</MetadataToken>
              <Name>System.Void PathfindingTests::PathfindingGraphGeneratorWorksWithObstacles()</Name>
              <FileRef uid="3" />
              <SequencePoints>
                <SequencePoint vc="1" uspid="86" ordinal="0" offset="0" sl="32" sc="5" el="32" ec="5" bec="0" bev="0" fileid="3" />
                <SequencePoint vc="1" uspid="87" ordinal="0" offset="1" sl="33" sc="9" el="33" ec="9" bec="0" bev="0" fileid="3" />
                <SequencePoint vc="1" uspid="88" ordinal="0" offset="7" sl="34" sc="9" el="34" ec="9" bec="0" bev="0" fileid="3" />
                <SequencePoint vc="1" uspid="89" ordinal="0" offset="14" sl="35" sc="9" el="35" ec="9" bec="0" bev="0" fileid="3" />
                <SequencePoint vc="1" uspid="90" ordinal="0" offset="22" sl="36" sc="9" el="36" ec="9" bec="0" bev="0" fileid="3" />
                <SequencePoint vc="1" uspid="91" ordinal="0" offset="34" sl="37" sc="9" el="37" ec="9" bec="0" bev="0" fileid="3" />
                <SequencePoint vc="1" uspid="92" ordinal="0" offset="46" sl="39" sc="9" el="39" ec="9" bec="0" bev="0" fileid="3" />
                <SequencePoint vc="1" uspid="93" ordinal="0" offset="53" sl="40" sc="9" el="40" ec="9" bec="0" bev="0" fileid="3" />
                <SequencePoint vc="1" uspid="94" ordinal="0" offset="65" sl="41" sc="9" el="41" ec="9" bec="0" bev="0" fileid="3" />
                <SequencePoint vc="1" uspid="95" ordinal="0" offset="72" sl="43" sc="9" el="43" ec="9" bec="0" bev="0" fileid="3" />
                <SequencePoint vc="1" uspid="96" ordinal="0" offset="78" sl="44" sc="9" el="44" ec="9" bec="0" bev="0" fileid="3" />
                <SequencePoint vc="1" uspid="97" ordinal="0" offset="90" sl="46" sc="9" el="46" ec="9" bec="0" bev="0" fileid="3" />
                <SequencePoint vc="1" uspid="98" ordinal="0" offset="101" sl="47" sc="9" el="47" ec="9" bec="0" bev="0" fileid="3" />
                <SequencePoint vc="1" uspid="99" ordinal="0" offset="112" sl="48" sc="9" el="48" ec="9" bec="0" bev="0" fileid="3" />
                <SequencePoint vc="1" uspid="100" ordinal="0" offset="124" sl="49" sc="9" el="49" ec="9" bec="0" bev="0" fileid="3" />
                <SequencePoint vc="1" uspid="101" ordinal="0" offset="132" sl="50" sc="9" el="50" ec="9" bec="0" bev="0" fileid="3" />
                <SequencePoint vc="1" uspid="102" ordinal="0" offset="141" sl="51" sc="9" el="51" ec="9" bec="0" bev="0" fileid="3" />
                <SequencePoint vc="1" uspid="103" ordinal="0" offset="149" sl="52" sc="9" el="52" ec="9" bec="0" bev="0" fileid="3" />
                <SequencePoint vc="1" uspid="104" ordinal="0" offset="196" sl="53" sc="9" el="53" ec="9" bec="0" bev="0" fileid="3" />
                <SequencePoint vc="1" uspid="105" ordinal="0" offset="243" sl="54" sc="9" el="54" ec="9" bec="0" bev="0" fileid="3" />
                <SequencePoint vc="1" uspid="106" ordinal="0" offset="303" sl="55" sc="9" el="55" ec="9" bec="0" bev="0" fileid="3" />
                <SequencePoint vc="1" uspid="107" ordinal="0" offset="363" sl="56" sc="9" el="56" ec="9" bec="0" bev="0" fileid="3" />
                <SequencePoint vc="1" uspid="108" ordinal="0" offset="373" sl="57" sc="9" el="57" ec="9" bec="0" bev="0" fileid="3" />
                <SequencePoint vc="1" uspid="109" ordinal="0" offset="383" sl="58" sc="9" el="58" ec="9" bec="0" bev="0" fileid="3" />
                <SequencePoint vc="1" uspid="110" ordinal="0" offset="417" sl="59" sc="5" el="59" ec="5" bec="0" bev="0" fileid="3" />
              </SequencePoints>
              <BranchPoints />
            </Method>
          </Methods>
        </Class>
        <Class>
          <Summary numSequencePoints="21" visitedSequencePoints="21" numBranchPoints="0" visitedBranchPoints="0" sequenceCoverage="100.0" branchCoverage="0.0" maxCyclomaticComplexity="0" minCyclomaticComplexity="0" maxCrapScore="0" minCrapScore="0" visitedClasses="1" numClasses="1" visitedMethods="1" numMethods="1" />
          <FullName>TowerGenerationTests</FullName>
          <Methods>
            <Method visited="true" cyclomaticComplexity="0" nPathComplexity="0" sequenceCoverage="100.0" branchCoverage="0" crapScore="0" isConstructor="false" isStatic="false" isGetter="false" isSetter="false">
              <Summary numSequencePoints="21" visitedSequencePoints="21" numBranchPoints="0" visitedBranchPoints="0" sequenceCoverage="100.0" branchCoverage="0" maxCyclomaticComplexity="0" minCyclomaticComplexity="0" maxCrapScore="0" minCrapScore="0" visitedClasses="0" numClasses="0" visitedMethods="1" numMethods="1" />
              <MetadataToken>100663315</MetadataToken>
              <Name>System.Void TowerGenerationTests::TowerGenerationPointAllocation()</Name>
              <FileRef uid="4" />
              <SequencePoints>
                <SequencePoint vc="1" uspid="111" ordinal="0" offset="0" sl="10" sc="5" el="10" ec="5" bec="0" bev="0" fileid="4" />
                <SequencePoint vc="1" uspid="112" ordinal="0" offset="1" sl="11" sc="14" el="11" ec="14" bec="0" bev="0" fileid="4" />
                <SequencePoint vc="10" uspid="113" ordinal="0" offset="8" sl="12" sc="9" el="12" ec="9" bec="0" bev="0" fileid="4" />
                <SequencePoint vc="10" uspid="114" ordinal="0" offset="9" sl="13" sc="13" el="13" ec="13" bec="0" bev="0" fileid="4" />
                <SequencePoint vc="10" uspid="115" ordinal="0" offset="22" sl="14" sc="13" el="14" ec="13" bec="0" bev="0" fileid="4" />
                <SequencePoint vc="10" uspid="116" ordinal="0" offset="32" sl="15" sc="13" el="15" ec="13" bec="0" bev="0" fileid="4" />
                <SequencePoint vc="10" uspid="117" ordinal="0" offset="40" sl="16" sc="13" el="16" ec="13" bec="0" bev="0" fileid="4" />
                <SequencePoint vc="10" uspid="118" ordinal="0" offset="63" sl="17" sc="13" el="17" ec="13" bec="0" bev="0" fileid="4" />
                <SequencePoint vc="10" uspid="119" ordinal="0" offset="64" sl="17" sc="41" el="17" ec="41" bec="0" bev="0" fileid="4" />
                <SequencePoint vc="621" uspid="120" ordinal="0" offset="74" sl="17" sc="22" el="17" ec="22" bec="0" bev="0" fileid="4" />
                <SequencePoint vc="621" uspid="121" ordinal="0" offset="83" sl="18" sc="13" el="18" ec="13" bec="0" bev="0" fileid="4" />
                <SequencePoint vc="621" uspid="122" ordinal="0" offset="84" sl="19" sc="17" el="19" ec="17" bec="0" bev="0" fileid="4" />
                <SequencePoint vc="621" uspid="123" ordinal="0" offset="124" sl="20" sc="17" el="20" ec="17" bec="0" bev="0" fileid="4" />
                <SequencePoint vc="621" uspid="124" ordinal="0" offset="138" sl="21" sc="17" el="21" ec="17" bec="0" bev="0" fileid="4" />
                <SequencePoint vc="621" uspid="125" ordinal="0" offset="152" sl="22" sc="17" el="22" ec="17" bec="0" bev="0" fileid="4" />
                <SequencePoint vc="621" uspid="126" ordinal="0" offset="166" sl="23" sc="13" el="23" ec="13" bec="0" bev="0" fileid="4" />
                <SequencePoint vc="631" uspid="127" ordinal="0" offset="167" sl="17" sc="38" el="17" ec="38" bec="0" bev="0" fileid="4" />
                <SequencePoint vc="10" uspid="128" ordinal="0" offset="193" sl="24" sc="9" el="24" ec="9" bec="0" bev="0" fileid="4" />
                <SequencePoint vc="10" uspid="129" ordinal="0" offset="194" sl="11" sc="33" el="11" ec="33" bec="0" bev="0" fileid="4" />
                <SequencePoint vc="11" uspid="130" ordinal="0" offset="198" sl="11" sc="25" el="11" ec="25" bec="0" bev="0" fileid="4" />
                <SequencePoint vc="1" uspid="131" ordinal="0" offset="212" sl="25" sc="5" el="25" ec="5" bec="0" bev="0" fileid="4" />
              </SequencePoints>
              <BranchPoints />
            </Method>
          </Methods>
        </Class>
        <Class>
          <Summary numSequencePoints="1" visitedSequencePoints="1" numBranchPoints="0" visitedBranchPoints="0" sequenceCoverage="100.0" branchCoverage="0.0" maxCyclomaticComplexity="0" minCyclomaticComplexity="0" maxCrapScore="0" minCrapScore="0" visitedClasses="1" numClasses="1" visitedMethods="1" numMethods="1" />
          <FullName>DictationTests/&lt;&gt;c__DisplayClass0_0</FullName>
          <Methods>
            <Method visited="true" cyclomaticComplexity="0" nPathComplexity="0" sequenceCoverage="100.0" branchCoverage="0" crapScore="0" isConstructor="false" isStatic="false" isGetter="false" isSetter="false">
              <Summary numSequencePoints="1" visitedSequencePoints="1" numBranchPoints="0" visitedBranchPoints="0" sequenceCoverage="100.0" branchCoverage="0" maxCyclomaticComplexity="0" minCyclomaticComplexity="0" maxCrapScore="0" minCrapScore="0" visitedClasses="0" numClasses="0" visitedMethods="1" numMethods="1" />
              <MetadataToken>100663318</MetadataToken>
              <Name>System.Void DictationTests/&lt;&gt;c__DisplayClass0_0::&lt;testBasicMovementCommand&gt;b__0(System.Collections.Generic.List[BuddyAction])</Name>
              <FileRef uid="1" />
              <SequencePoints>
                <SequencePoint vc="1" uspid="132" ordinal="0" offset="0" sl="19" sc="159" el="19" ec="159" bec="0" bev="0" fileid="1" />
              </SequencePoints>
              <BranchPoints />
            </Method>
          </Methods>
        </Class>
        <Class>
          <Summary numSequencePoints="6" visitedSequencePoints="6" numBranchPoints="0" visitedBranchPoints="0" sequenceCoverage="100.0" branchCoverage="0.0" maxCyclomaticComplexity="0" minCyclomaticComplexity="0" maxCrapScore="0" minCrapScore="0" visitedClasses="1" numClasses="1" visitedMethods="1" numMethods="1" />
          <FullName>DictationTests/&lt;testBasicMovementCommand&gt;d__0</FullName>
          <Methods>
            <Method visited="true" cyclomaticComplexity="0" nPathComplexity="0" sequenceCoverage="100.0" branchCoverage="0" crapScore="0" isConstructor="false" isStatic="false" isGetter="false" isSetter="false">
              <Summary numSequencePoints="6" visitedSequencePoints="6" numBranchPoints="0" visitedBranchPoints="0" sequenceCoverage="100.0" branchCoverage="0" maxCyclomaticComplexity="0" minCyclomaticComplexity="0" maxCrapScore="0" minCrapScore="0" visitedClasses="0" numClasses="0" visitedMethods="1" numMethods="1" />
              <MetadataToken>100663321</MetadataToken>
              <Name>System.Boolean DictationTests/&lt;testBasicMovementCommand&gt;d__0::MoveNext()</Name>
              <FileRef uid="1" />
              <SequencePoints>
                <SequencePoint vc="1" uspid="133" ordinal="0" offset="45" sl="14" sc="5" el="14" ec="5" bec="0" bev="0" fileid="1" />
                <SequencePoint vc="1" uspid="134" ordinal="0" offset="46" sl="16" sc="9" el="16" ec="9" bec="0" bev="0" fileid="1" />
                <SequencePoint vc="1" uspid="135" ordinal="0" offset="64" sl="18" sc="9" el="18" ec="9" bec="0" bev="0" fileid="1" />
                <SequencePoint vc="1" uspid="136" ordinal="0" offset="76" sl="19" sc="9" el="19" ec="9" bec="0" bev="0" fileid="1" />
                <SequencePoint vc="1" uspid="137" ordinal="0" offset="162" sl="20" sc="9" el="20" ec="9" bec="0" bev="0" fileid="1" />
                <SequencePoint vc="1" uspid="138" ordinal="0" offset="221" sl="21" sc="5" el="21" ec="5" bec="0" bev="0" fileid="1" />
              </SequencePoints>
              <BranchPoints />
            </Method>
          </Methods>
        </Class>
        <Class>
          <Summary numSequencePoints="1" visitedSequencePoints="1" numBranchPoints="0" visitedBranchPoints="0" sequenceCoverage="100.0" branchCoverage="0.0" maxCyclomaticComplexity="0" minCyclomaticComplexity="0" maxCrapScore="0" minCrapScore="0" visitedClasses="1" numClasses="1" visitedMethods="1" numMethods="1" />
          <FullName>DictationTests/&lt;&gt;c__DisplayClass1_0</FullName>
          <Methods>
            <Method visited="true" cyclomaticComplexity="0" nPathComplexity="0" sequenceCoverage="100.0" branchCoverage="0" crapScore="0" isConstructor="false" isStatic="false" isGetter="false" isSetter="false">
              <Summary numSequencePoints="1" visitedSequencePoints="1" numBranchPoints="0" visitedBranchPoints="0" sequenceCoverage="100.0" branchCoverage="0" maxCyclomaticComplexity="0" minCyclomaticComplexity="0" maxCrapScore="0" minCrapScore="0" visitedClasses="0" numClasses="0" visitedMethods="1" numMethods="1" />
              <MetadataToken>100663326</MetadataToken>
              <Name>System.Void DictationTests/&lt;&gt;c__DisplayClass1_0::&lt;BasicMovementWorksWithWordNotInBasewords&gt;b__0(System.Collections.Generic.List[BuddyAction])</Name>
              <FileRef uid="1" />
              <SequencePoints>
                <SequencePoint vc="1" uspid="139" ordinal="0" offset="0" sl="30" sc="166" el="30" ec="166" bec="0" bev="0" fileid="1" />
              </SequencePoints>
              <BranchPoints />
            </Method>
          </Methods>
        </Class>
        <Class>
          <Summary numSequencePoints="6" visitedSequencePoints="6" numBranchPoints="0" visitedBranchPoints="0" sequenceCoverage="100.0" branchCoverage="0.0" maxCyclomaticComplexity="0" minCyclomaticComplexity="0" maxCrapScore="0" minCrapScore="0" visitedClasses="1" numClasses="1" visitedMethods="1" numMethods="1" />
          <FullName>DictationTests/&lt;BasicMovementWorksWithWordNotInBasewords&gt;d__1</FullName>
          <Methods>
            <Method visited="true" cyclomaticComplexity="0" nPathComplexity="0" sequenceCoverage="100.0" branchCoverage="0" crapScore="0" isConstructor="false" isStatic="false" isGetter="false" isSetter="false">
              <Summary numSequencePoints="6" visitedSequencePoints="6" numBranchPoints="0" visitedBranchPoints="0" sequenceCoverage="100.0" branchCoverage="0" maxCyclomaticComplexity="0" minCyclomaticComplexity="0" maxCrapScore="0" minCrapScore="0" visitedClasses="0" numClasses="0" visitedMethods="1" numMethods="1" />
              <MetadataToken>100663329</MetadataToken>
              <Name>System.Boolean DictationTests/&lt;BasicMovementWorksWithWordNotInBasewords&gt;d__1::MoveNext()</Name>
              <FileRef uid="1" />
              <SequencePoints>
                <SequencePoint vc="1" uspid="140" ordinal="0" offset="45" sl="25" sc="5" el="25" ec="5" bec="0" bev="0" fileid="1" />
                <SequencePoint vc="1" uspid="141" ordinal="0" offset="46" sl="27" sc="9" el="27" ec="9" bec="0" bev="0" fileid="1" />
                <SequencePoint vc="1" uspid="142" ordinal="0" offset="64" sl="29" sc="9" el="29" ec="9" bec="0" bev="0" fileid="1" />
                <SequencePoint vc="1" uspid="143" ordinal="0" offset="76" sl="30" sc="9" el="30" ec="9" bec="0" bev="0" fileid="1" />
                <SequencePoint vc="1" uspid="144" ordinal="0" offset="162" sl="31" sc="9" el="31" ec="9" bec="0" bev="0" fileid="1" />
                <SequencePoint vc="1" uspid="145" ordinal="0" offset="221" sl="32" sc="5" el="32" ec="5" bec="0" bev="0" fileid="1" />
              </SequencePoints>
              <BranchPoints />
            </Method>
          </Methods>
        </Class>
        <Class>
          <Summary numSequencePoints="1" visitedSequencePoints="1" numBranchPoints="0" visitedBranchPoints="0" sequenceCoverage="100.0" branchCoverage="0.0" maxCyclomaticComplexity="0" minCyclomaticComplexity="0" maxCrapScore="0" minCrapScore="0" visitedClasses="1" numClasses="1" visitedMethods="1" numMethods="1" />
          <FullName>DictationTests/&lt;&gt;c__DisplayClass2_0</FullName>
          <Methods>
            <Method visited="true" cyclomaticComplexity="0" nPathComplexity="0" sequenceCoverage="100.0" branchCoverage="0" crapScore="0" isConstructor="false" isStatic="false" isGetter="false" isSetter="false">
              <Summary numSequencePoints="1" visitedSequencePoints="1" numBranchPoints="0" visitedBranchPoints="0" sequenceCoverage="100.0" branchCoverage="0" maxCyclomaticComplexity="0" minCyclomaticComplexity="0" maxCrapScore="0" minCrapScore="0" visitedClasses="0" numClasses="0" visitedMethods="1" numMethods="1" />
              <MetadataToken>100663334</MetadataToken>
              <Name>System.Void DictationTests/&lt;&gt;c__DisplayClass2_0::&lt;SingularAttackWorksWithObjectivePronoun&gt;b__0(System.Collections.Generic.List[BuddyAction])</Name>
              <FileRef uid="1" />
              <SequencePoints>
                <SequencePoint vc="1" uspid="146" ordinal="0" offset="0" sl="41" sc="171" el="41" ec="171" bec="0" bev="0" fileid="1" />
              </SequencePoints>
              <BranchPoints />
            </Method>
          </Methods>
        </Class>
        <Class>
          <Summary numSequencePoints="8" visitedSequencePoints="8" numBranchPoints="0" visitedBranchPoints="0" sequenceCoverage="100.0" branchCoverage="0.0" maxCyclomaticComplexity="0" minCyclomaticComplexity="0" maxCrapScore="0" minCrapScore="0" visitedClasses="1" numClasses="1" visitedMethods="1" numMethods="1" />
          <FullName>DictationTests/&lt;SingularAttackWorksWithObjectivePronoun&gt;d__2</FullName>
          <Methods>
            <Method visited="true" cyclomaticComplexity="0" nPathComplexity="0" sequenceCoverage="100.0" branchCoverage="0" crapScore="0" isConstructor="false" isStatic="false" isGetter="false" isSetter="false">
              <Summary numSequencePoints="8" visitedSequencePoints="8" numBranchPoints="0" visitedBranchPoints="0" sequenceCoverage="100.0" branchCoverage="0" maxCyclomaticComplexity="0" minCyclomaticComplexity="0" maxCrapScore="0" minCrapScore="0" visitedClasses="0" numClasses="0" visitedMethods="1" numMethods="1" />
              <MetadataToken>100663337</MetadataToken>
              <Name>System.Boolean DictationTests/&lt;SingularAttackWorksWithObjectivePronoun&gt;d__2::MoveNext()</Name>
              <FileRef uid="1" />
              <SequencePoints>
                <SequencePoint vc="1" uspid="147" ordinal="0" offset="45" sl="36" sc="5" el="36" ec="5" bec="0" bev="0" fileid="1" />
                <SequencePoint vc="1" uspid="148" ordinal="0" offset="46" sl="38" sc="9" el="38" ec="9" bec="0" bev="0" fileid="1" />
                <SequencePoint vc="1" uspid="149" ordinal="0" offset="70" sl="40" sc="9" el="40" ec="9" bec="0" bev="0" fileid="1" />
                <SequencePoint vc="1" uspid="150" ordinal="0" offset="82" sl="41" sc="9" el="41" ec="9" bec="0" bev="0" fileid="1" />
                <SequencePoint vc="1" uspid="151" ordinal="0" offset="176" sl="42" sc="9" el="42" ec="9" bec="0" bev="0" fileid="1" />
                <SequencePoint vc="1" uspid="152" ordinal="0" offset="209" sl="43" sc="9" el="43" ec="9" bec="0" bev="0" fileid="1" />
                <SequencePoint vc="1" uspid="153" ordinal="0" offset="255" sl="44" sc="9" el="44" ec="9" bec="0" bev="0" fileid="1" />
                <SequencePoint vc="1" uspid="154" ordinal="0" offset="296" sl="45" sc="5" el="45" ec="5" bec="0" bev="0" fileid="1" />
              </SequencePoints>
              <BranchPoints />
            </Method>
          </Methods>
        </Class>
        <Class>
          <Summary numSequencePoints="1" visitedSequencePoints="1" numBranchPoints="0" visitedBranchPoints="0" sequenceCoverage="100.0" branchCoverage="0.0" maxCyclomaticComplexity="0" minCyclomaticComplexity="0" maxCrapScore="0" minCrapScore="0" visitedClasses="1" numClasses="1" visitedMethods="1" numMethods="1" />
          <FullName>DictationTests/&lt;&gt;c__DisplayClass3_0</FullName>
          <Methods>
            <Method visited="true" cyclomaticComplexity="0" nPathComplexity="0" sequenceCoverage="100.0" branchCoverage="0" crapScore="0" isConstructor="false" isStatic="false" isGetter="false" isSetter="false">
              <Summary numSequencePoints="1" visitedSequencePoints="1" numBranchPoints="0" visitedBranchPoints="0" sequenceCoverage="100.0" branchCoverage="0" maxCyclomaticComplexity="0" minCyclomaticComplexity="0" maxCrapScore="0" minCrapScore="0" visitedClasses="0" numClasses="0" visitedMethods="1" numMethods="1" />
              <MetadataToken>100663342</MetadataToken>
              <Name>System.Void DictationTests/&lt;&gt;c__DisplayClass3_0::&lt;SingularAttackWorksWithSubjectivePronoun&gt;b__0(System.Collections.Generic.List[BuddyAction])</Name>
              <FileRef uid="1" />
              <SequencePoints>
                <SequencePoint vc="1" uspid="155" ordinal="0" offset="0" sl="54" sc="163" el="54" ec="163" bec="0" bev="0" fileid="1" />
              </SequencePoints>
              <BranchPoints />
            </Method>
          </Methods>
        </Class>
        <Class>
          <Summary numSequencePoints="8" visitedSequencePoints="8" numBranchPoints="0" visitedBranchPoints="0" sequenceCoverage="100.0" branchCoverage="0.0" maxCyclomaticComplexity="0" minCyclomaticComplexity="0" maxCrapScore="0" minCrapScore="0" visitedClasses="1" numClasses="1" visitedMethods="1" numMethods="1" />
          <FullName>DictationTests/&lt;SingularAttackWorksWithSubjectivePronoun&gt;d__3</FullName>
          <Methods>
            <Method visited="true" cyclomaticComplexity="0" nPathComplexity="0" sequenceCoverage="100.0" branchCoverage="0" crapScore="0" isConstructor="false" isStatic="false" isGetter="false" isSetter="false">
              <Summary numSequencePoints="8" visitedSequencePoints="8" numBranchPoints="0" visitedBranchPoints="0" sequenceCoverage="100.0" branchCoverage="0" maxCyclomaticComplexity="0" minCyclomaticComplexity="0" maxCrapScore="0" minCrapScore="0" visitedClasses="0" numClasses="0" visitedMethods="1" numMethods="1" />
              <MetadataToken>100663345</MetadataToken>
              <Name>System.Boolean DictationTests/&lt;SingularAttackWorksWithSubjectivePronoun&gt;d__3::MoveNext()</Name>
              <FileRef uid="1" />
              <SequencePoints>
                <SequencePoint vc="1" uspid="156" ordinal="0" offset="45" sl="49" sc="5" el="49" ec="5" bec="0" bev="0" fileid="1" />
                <SequencePoint vc="1" uspid="157" ordinal="0" offset="46" sl="51" sc="9" el="51" ec="9" bec="0" bev="0" fileid="1" />
                <SequencePoint vc="1" uspid="158" ordinal="0" offset="70" sl="53" sc="9" el="53" ec="9" bec="0" bev="0" fileid="1" />
                <SequencePoint vc="1" uspid="159" ordinal="0" offset="82" sl="54" sc="9" el="54" ec="9" bec="0" bev="0" fileid="1" />
                <SequencePoint vc="1" uspid="160" ordinal="0" offset="168" sl="55" sc="9" el="55" ec="9" bec="0" bev="0" fileid="1" />
                <SequencePoint vc="1" uspid="161" ordinal="0" offset="201" sl="56" sc="9" el="56" ec="9" bec="0" bev="0" fileid="1" />
                <SequencePoint vc="1" uspid="162" ordinal="0" offset="247" sl="57" sc="9" el="57" ec="9" bec="0" bev="0" fileid="1" />
                <SequencePoint vc="1" uspid="163" ordinal="0" offset="288" sl="58" sc="5" el="58" ec="5" bec="0" bev="0" fileid="1" />
              </SequencePoints>
              <BranchPoints />
            </Method>
          </Methods>
        </Class>
        <Class>
          <Summary numSequencePoints="2" visitedSequencePoints="2" numBranchPoints="0" visitedBranchPoints="0" sequenceCoverage="100.0" branchCoverage="0.0" maxCyclomaticComplexity="0" minCyclomaticComplexity="0" maxCrapScore="0" minCrapScore="0" visitedClasses="1" numClasses="1" visitedMethods="2" numMethods="2" />
          <FullName>DictationTests/&lt;&gt;c__DisplayClass4_0</FullName>
          <Methods>
            <Method visited="true" cyclomaticComplexity="0" nPathComplexity="0" sequenceCoverage="100.0" branchCoverage="0" crapScore="0" isConstructor="false" isStatic="false" isGetter="false" isSetter="false">
              <Summary numSequencePoints="1" visitedSequencePoints="1" numBranchPoints="0" visitedBranchPoints="0" sequenceCoverage="100.0" branchCoverage="0" maxCyclomaticComplexity="0" minCyclomaticComplexity="0" maxCrapScore="0" minCrapScore="0" visitedClasses="0" numClasses="0" visitedMethods="1" numMethods="1" />
              <MetadataToken>100663350</MetadataToken>
              <Name>System.Void DictationTests/&lt;&gt;c__DisplayClass4_0::&lt;SingularAttackAtPronounSubjectGetsClosest&gt;b__0(System.Collections.Generic.List[BuddyAction])</Name>
              <FileRef uid="1" />
              <SequencePoints>
                <SequencePoint vc="1" uspid="164" ordinal="0" offset="0" sl="70" sc="162" el="70" ec="162" bec="0" bev="0" fileid="1" />
              </SequencePoints>
              <BranchPoints />
            </Method>
            <Method visited="true" cyclomaticComplexity="0" nPathComplexity="0" sequenceCoverage="100.0" branchCoverage="0" crapScore="0" isConstructor="false" isStatic="false" isGetter="false" isSetter="false">
              <Summary numSequencePoints="1" visitedSequencePoints="1" numBranchPoints="0" visitedBranchPoints="0" sequenceCoverage="100.0" branchCoverage="0" maxCyclomaticComplexity="0" minCyclomaticComplexity="0" maxCrapScore="0" minCrapScore="0" visitedClasses="0" numClasses="0" visitedMethods="1" numMethods="1" />
              <MetadataToken>100663351</MetadataToken>
              <Name>System.Void DictationTests/&lt;&gt;c__DisplayClass4_0::&lt;SingularAttackAtPronounSubjectGetsClosest&gt;b__1(System.Collections.Generic.List[BuddyAction])</Name>
              <FileRef uid="1" />
              <SequencePoints>
                <SequencePoint vc="1" uspid="165" ordinal="0" offset="0" sl="77" sc="162" el="77" ec="162" bec="0" bev="0" fileid="1" />
              </SequencePoints>
              <BranchPoints />
            </Method>
          </Methods>
        </Class>
        <Class>
          <Summary numSequencePoints="17" visitedSequencePoints="17" numBranchPoints="0" visitedBranchPoints="0" sequenceCoverage="100.0" branchCoverage="0.0" maxCyclomaticComplexity="0" minCyclomaticComplexity="0" maxCrapScore="0" minCrapScore="0" visitedClasses="1" numClasses="1" visitedMethods="1" numMethods="1" />
          <FullName>DictationTests/&lt;SingularAttackAtPronounSubjectGetsClosest&gt;d__4</FullName>
          <Methods>
            <Method visited="true" cyclomaticComplexity="0" nPathComplexity="0" sequenceCoverage="100.0" branchCoverage="0" crapScore="0" isConstructor="false" isStatic="false" isGetter="false" isSetter="false">
              <Summary numSequencePoints="17" visitedSequencePoints="17" numBranchPoints="0" visitedBranchPoints="0" sequenceCoverage="100.0" branchCoverage="0" maxCyclomaticComplexity="0" minCyclomaticComplexity="0" maxCrapScore="0" minCrapScore="0" visitedClasses="0" numClasses="0" visitedMethods="1" numMethods="1" />
              <MetadataToken>100663354</MetadataToken>
              <Name>System.Boolean DictationTests/&lt;SingularAttackAtPronounSubjectGetsClosest&gt;d__4::MoveNext()</Name>
              <FileRef uid="1" />
              <SequencePoints>
                <SequencePoint vc="1" uspid="166" ordinal="0" offset="59" sl="62" sc="5" el="62" ec="5" bec="0" bev="0" fileid="1" />
                <SequencePoint vc="1" uspid="167" ordinal="0" offset="60" sl="64" sc="9" el="64" ec="9" bec="0" bev="0" fileid="1" />
                <SequencePoint vc="1" uspid="168" ordinal="0" offset="90" sl="66" sc="9" el="66" ec="9" bec="0" bev="0" fileid="1" />
                <SequencePoint vc="1" uspid="169" ordinal="0" offset="111" sl="68" sc="9" el="68" ec="9" bec="0" bev="0" fileid="1" />
                <SequencePoint vc="1" uspid="170" ordinal="0" offset="123" sl="69" sc="9" el="69" ec="9" bec="0" bev="0" fileid="1" />
                <SequencePoint vc="1" uspid="171" ordinal="0" offset="135" sl="70" sc="9" el="70" ec="9" bec="0" bev="0" fileid="1" />
                <SequencePoint vc="1" uspid="172" ordinal="0" offset="221" sl="71" sc="9" el="71" ec="9" bec="0" bev="0" fileid="1" />
                <SequencePoint vc="1" uspid="173" ordinal="0" offset="254" sl="72" sc="9" el="72" ec="9" bec="0" bev="0" fileid="1" />
                <SequencePoint vc="1" uspid="174" ordinal="0" offset="300" sl="73" sc="9" el="73" ec="9" bec="0" bev="0" fileid="1" />
                <SequencePoint vc="1" uspid="175" ordinal="0" offset="341" sl="74" sc="9" el="74" ec="9" bec="0" bev="0" fileid="1" />
                <SequencePoint vc="1" uspid="176" ordinal="0" offset="378" sl="75" sc="9" el="75" ec="9" bec="0" bev="0" fileid="1" />
                <SequencePoint vc="1" uspid="177" ordinal="0" offset="390" sl="76" sc="9" el="76" ec="9" bec="0" bev="0" fileid="1" />
                <SequencePoint vc="1" uspid="178" ordinal="0" offset="402" sl="77" sc="9" el="77" ec="9" bec="0" bev="0" fileid="1" />
                <SequencePoint vc="1" uspid="179" ordinal="0" offset="488" sl="78" sc="9" el="78" ec="9" bec="0" bev="0" fileid="1" />
                <SequencePoint vc="1" uspid="180" ordinal="0" offset="521" sl="79" sc="9" el="79" ec="9" bec="0" bev="0" fileid="1" />
                <SequencePoint vc="1" uspid="181" ordinal="0" offset="567" sl="80" sc="9" el="80" ec="9" bec="0" bev="0" fileid="1" />
                <SequencePoint vc="1" uspid="182" ordinal="0" offset="608" sl="81" sc="5" el="81" ec="5" bec="0" bev="0" fileid="1" />
              </SequencePoints>
              <BranchPoints />
            </Method>
          </Methods>
        </Class>
        <Class>
          <Summary numSequencePoints="1" visitedSequencePoints="1" numBranchPoints="0" visitedBranchPoints="0" sequenceCoverage="100.0" branchCoverage="0.0" maxCyclomaticComplexity="0" minCyclomaticComplexity="0" maxCrapScore="0" minCrapScore="0" visitedClasses="1" numClasses="1" visitedMethods="1" numMethods="1" />
          <FullName>DictationTests/&lt;&gt;c__DisplayClass5_0</FullName>
          <Methods>
            <Method visited="true" cyclomaticComplexity="0" nPathComplexity="0" sequenceCoverage="100.0" branchCoverage="0" crapScore="0" isConstructor="false" isStatic="false" isGetter="false" isSetter="false">
              <Summary numSequencePoints="1" visitedSequencePoints="1" numBranchPoints="0" visitedBranchPoints="0" sequenceCoverage="100.0" branchCoverage="0" maxCyclomaticComplexity="0" minCyclomaticComplexity="0" maxCrapScore="0" minCrapScore="0" visitedClasses="0" numClasses="0" visitedMethods="1" numMethods="1" />
              <MetadataToken>100663359</MetadataToken>
              <Name>System.Void DictationTests/&lt;&gt;c__DisplayClass5_0::&lt;MultiAttackWorksWithObjectivePronoun&gt;b__0(System.Collections.Generic.List[BuddyAction])</Name>
              <FileRef uid="1" />
              <SequencePoints>
                <SequencePoint vc="1" uspid="183" ordinal="0" offset="0" sl="90" sc="174" el="90" ec="174" bec="0" bev="0" fileid="1" />
              </SequencePoints>
              <BranchPoints />
            </Method>
          </Methods>
        </Class>
        <Class>
          <Summary numSequencePoints="9" visitedSequencePoints="9" numBranchPoints="0" visitedBranchPoints="0" sequenceCoverage="100.0" branchCoverage="0.0" maxCyclomaticComplexity="0" minCyclomaticComplexity="0" maxCrapScore="0" minCrapScore="0" visitedClasses="1" numClasses="1" visitedMethods="1" numMethods="1" />
          <FullName>DictationTests/&lt;MultiAttackWorksWithObjectivePronoun&gt;d__5</FullName>
          <Methods>
            <Method visited="true" cyclomaticComplexity="0" nPathComplexity="0" sequenceCoverage="100.0" branchCoverage="0" crapScore="0" isConstructor="false" isStatic="false" isGetter="false" isSetter="false">
              <Summary numSequencePoints="9" visitedSequencePoints="9" numBranchPoints="0" visitedBranchPoints="0" sequenceCoverage="100.0" branchCoverage="0" maxCyclomaticComplexity="0" minCyclomaticComplexity="0" maxCrapScore="0" minCrapScore="0" visitedClasses="0" numClasses="0" visitedMethods="1" numMethods="1" />
              <MetadataToken>100663362</MetadataToken>
              <Name>System.Boolean DictationTests/&lt;MultiAttackWorksWithObjectivePronoun&gt;d__5::MoveNext()</Name>
              <FileRef uid="1" />
              <SequencePoints>
                <SequencePoint vc="1" uspid="184" ordinal="0" offset="45" sl="85" sc="5" el="85" ec="5" bec="0" bev="0" fileid="1" />
                <SequencePoint vc="1" uspid="185" ordinal="0" offset="46" sl="87" sc="9" el="87" ec="9" bec="0" bev="0" fileid="1" />
                <SequencePoint vc="1" uspid="186" ordinal="0" offset="70" sl="89" sc="9" el="89" ec="9" bec="0" bev="0" fileid="1" />
                <SequencePoint vc="1" uspid="187" ordinal="0" offset="82" sl="90" sc="9" el="90" ec="9" bec="0" bev="0" fileid="1" />
                <SequencePoint vc="1" uspid="188" ordinal="0" offset="176" sl="91" sc="9" el="91" ec="9" bec="0" bev="0" fileid="1" />
                <SequencePoint vc="1" uspid="189" ordinal="0" offset="209" sl="92" sc="9" el="92" ec="9" bec="0" bev="0" fileid="1" />
                <SequencePoint vc="1" uspid="190" ordinal="0" offset="255" sl="93" sc="9" el="93" ec="9" bec="0" bev="0" fileid="1" />
                <SequencePoint vc="1" uspid="191" ordinal="0" offset="294" sl="94" sc="9" el="94" ec="9" bec="0" bev="0" fileid="1" />
                <SequencePoint vc="1" uspid="192" ordinal="0" offset="333" sl="95" sc="5" el="95" ec="5" bec="0" bev="0" fileid="1" />
              </SequencePoints>
              <BranchPoints />
            </Method>
          </Methods>
        </Class>
        <Class>
          <Summary numSequencePoints="1" visitedSequencePoints="1" numBranchPoints="0" visitedBranchPoints="0" sequenceCoverage="100.0" branchCoverage="0.0" maxCyclomaticComplexity="0" minCyclomaticComplexity="0" maxCrapScore="0" minCrapScore="0" visitedClasses="1" numClasses="1" visitedMethods="1" numMethods="1" />
          <FullName>DictationTests/&lt;&gt;c__DisplayClass6_0</FullName>
          <Methods>
            <Method visited="true" cyclomaticComplexity="0" nPathComplexity="0" sequenceCoverage="100.0" branchCoverage="0" crapScore="0" isConstructor="false" isStatic="false" isGetter="false" isSetter="false">
              <Summary numSequencePoints="1" visitedSequencePoints="1" numBranchPoints="0" visitedBranchPoints="0" sequenceCoverage="100.0" branchCoverage="0" maxCyclomaticComplexity="0" minCyclomaticComplexity="0" maxCrapScore="0" minCrapScore="0" visitedClasses="0" numClasses="0" visitedMethods="1" numMethods="1" />
              <MetadataToken>100663367</MetadataToken>
              <Name>System.Void DictationTests/&lt;&gt;c__DisplayClass6_0::&lt;MultiAttackWorksWithSubjectivePronoun&gt;b__0(System.Collections.Generic.List[BuddyAction])</Name>
              <FileRef uid="1" />
              <SequencePoints>
                <SequencePoint vc="1" uspid="193" ordinal="0" offset="0" sl="104" sc="165" el="104" ec="165" bec="0" bev="0" fileid="1" />
              </SequencePoints>
              <BranchPoints />
            </Method>
          </Methods>
        </Class>
        <Class>
          <Summary numSequencePoints="9" visitedSequencePoints="9" numBranchPoints="0" visitedBranchPoints="0" sequenceCoverage="100.0" branchCoverage="0.0" maxCyclomaticComplexity="0" minCyclomaticComplexity="0" maxCrapScore="0" minCrapScore="0" visitedClasses="1" numClasses="1" visitedMethods="1" numMethods="1" />
          <FullName>DictationTests/&lt;MultiAttackWorksWithSubjectivePronoun&gt;d__6</FullName>
          <Methods>
            <Method visited="true" cyclomaticComplexity="0" nPathComplexity="0" sequenceCoverage="100.0" branchCoverage="0" crapScore="0" isConstructor="false" isStatic="false" isGetter="false" isSetter="false">
              <Summary numSequencePoints="9" visitedSequencePoints="9" numBranchPoints="0" visitedBranchPoints="0" sequenceCoverage="100.0" branchCoverage="0" maxCyclomaticComplexity="0" minCyclomaticComplexity="0" maxCrapScore="0" minCrapScore="0" visitedClasses="0" numClasses="0" visitedMethods="1" numMethods="1" />
              <MetadataToken>100663370</MetadataToken>
              <Name>System.Boolean DictationTests/&lt;MultiAttackWorksWithSubjectivePronoun&gt;d__6::MoveNext()</Name>
              <FileRef uid="1" />
              <SequencePoints>
                <SequencePoint vc="1" uspid="194" ordinal="0" offset="45" sl="99" sc="5" el="99" ec="5" bec="0" bev="0" fileid="1" />
                <SequencePoint vc="1" uspid="195" ordinal="0" offset="46" sl="101" sc="9" el="101" ec="9" bec="0" bev="0" fileid="1" />
                <SequencePoint vc="1" uspid="196" ordinal="0" offset="70" sl="103" sc="9" el="103" ec="9" bec="0" bev="0" fileid="1" />
                <SequencePoint vc="1" uspid="197" ordinal="0" offset="82" sl="104" sc="9" el="104" ec="9" bec="0" bev="0" fileid="1" />
                <SequencePoint vc="1" uspid="198" ordinal="0" offset="168" sl="105" sc="9" el="105" ec="9" bec="0" bev="0" fileid="1" />
                <SequencePoint vc="1" uspid="199" ordinal="0" offset="201" sl="106" sc="9" el="106" ec="9" bec="0" bev="0" fileid="1" />
                <SequencePoint vc="1" uspid="200" ordinal="0" offset="247" sl="107" sc="9" el="107" ec="9" bec="0" bev="0" fileid="1" />
                <SequencePoint vc="1" uspid="201" ordinal="0" offset="286" sl="108" sc="9" el="108" ec="9" bec="0" bev="0" fileid="1" />
                <SequencePoint vc="1" uspid="202" ordinal="0" offset="325" sl="109" sc="5" el="109" ec="5" bec="0" bev="0" fileid="1" />
              </SequencePoints>
              <BranchPoints />
            </Method>
          </Methods>
        </Class>
        <Class>
          <Summary numSequencePoints="7" visitedSequencePoints="7" numBranchPoints="0" visitedBranchPoints="0" sequenceCoverage="100.0" branchCoverage="0.0" maxCyclomaticComplexity="0" minCyclomaticComplexity="0" maxCrapScore="0" minCrapScore="0" visitedClasses="1" numClasses="1" visitedMethods="1" numMethods="1" />
          <FullName>PathfindingTests/&lt;PathfinderWorksWithoutGraph&gt;d__0</FullName>
          <Methods>
            <Method visited="true" cyclomaticComplexity="0" nPathComplexity="0" sequenceCoverage="100.0" branchCoverage="0" crapScore="0" isConstructor="false" isStatic="false" isGetter="false" isSetter="false">
              <Summary numSequencePoints="7" visitedSequencePoints="7" numBranchPoints="0" visitedBranchPoints="0" sequenceCoverage="100.0" branchCoverage="0" maxCyclomaticComplexity="0" minCyclomaticComplexity="0" maxCrapScore="0" minCrapScore="0" visitedClasses="0" numClasses="0" visitedMethods="1" numMethods="1" />
              <MetadataToken>100663376</MetadataToken>
              <Name>System.Boolean PathfindingTests/&lt;PathfinderWorksWithoutGraph&gt;d__0::MoveNext()</Name>
              <FileRef uid="3" />
              <SequencePoints>
                <SequencePoint vc="1" uspid="203" ordinal="0" offset="34" sl="11" sc="5" el="11" ec="5" bec="0" bev="0" fileid="3" />
                <SequencePoint vc="1" uspid="204" ordinal="0" offset="35" sl="12" sc="9" el="12" ec="9" bec="0" bev="0" fileid="3" />
                <SequencePoint vc="1" uspid="205" ordinal="0" offset="46" sl="13" sc="9" el="13" ec="9" bec="0" bev="0" fileid="3" />
                <SequencePoint vc="1" uspid="206" ordinal="0" offset="63" sl="15" sc="9" el="15" ec="9" bec="0" bev="0" fileid="3" />
                <SequencePoint vc="1" uspid="207" ordinal="0" offset="100" sl="17" sc="9" el="17" ec="9" bec="0" bev="0" fileid="3" />
                <SequencePoint vc="1" uspid="208" ordinal="0" offset="165" sl="18" sc="9" el="18" ec="9" bec="0" bev="0" fileid="3" />
                <SequencePoint vc="1" uspid="209" ordinal="0" offset="188" sl="19" sc="5" el="19" ec="5" bec="0" bev="0" fileid="3" />
              </SequencePoints>
              <BranchPoints />
            </Method>
          </Methods>
        </Class>
      </Classes>
    </Module>
    <Module>
      <Summary numSequencePoints="2268" visitedSequencePoints="837" numBranchPoints="0" visitedBranchPoints="0" sequenceCoverage="36.90" branchCoverage="0.0" maxCyclomaticComplexity="0" minCyclomaticComplexity="0" maxCrapScore="0" minCrapScore="0" visitedClasses="38" numClasses="80" visitedMethods="116" numMethods="307" />
      <ModuleTime>0001-01-01T00:00:00</ModuleTime>
      <ModuleName>MainGameAssembly</ModuleName>
      <Files>
        <File uid="5" fullPath="C:/Users/willt/OneDrive/Documents/Treevolution/Treevolution/Assets/BulletScript.cs" />
        <File uid="6" fullPath="C:/Users/willt/OneDrive/Documents/Treevolution/Treevolution/Assets/EnemyTestScript.cs" />
        <File uid="7" fullPath="C:/Users/willt/OneDrive/Documents/Treevolution/Treevolution/Assets/Gun.cs" />
        <File uid="8" fullPath="C:/Users/willt/OneDrive/Documents/Treevolution/Treevolution/Assets/GunPoint.cs" />
        <File uid="9" fullPath="C:/Users/willt/OneDrive/Documents/Treevolution/Treevolution/Assets/GunScript.cs" />
        <File uid="10" fullPath="C:/Users/willt/OneDrive/Documents/Treevolution/Treevolution/Assets/HealthBar.cs" />
        <File uid="11" fullPath="C:/Users/willt/OneDrive/Documents/Treevolution/Treevolution/Assets/ManagerSceneLogic.cs" />
        <File uid="12" fullPath="C:/Users/willt/OneDrive/Documents/Treevolution/Treevolution/Assets/MountPointScript.cs" />
        <File uid="13" fullPath="C:/Users/willt/OneDrive/Documents/Treevolution/Treevolution/Assets/PlayerController.cs" />
        <File uid="14" fullPath="C:/Users/willt/OneDrive/Documents/Treevolution/Treevolution/Assets/QRSimulation.cs" />
        <File uid="15" fullPath="C:/Users/willt/OneDrive/Documents/Treevolution/Treevolution/Assets/Scripts/Buddy/BuddyAction.cs" />
        <File uid="16" fullPath="C:/Users/willt/OneDrive/Documents/Treevolution/Treevolution/Assets/Scripts/Buddy/BuddyInteractable.cs" />
        <File uid="17" fullPath="C:/Users/willt/OneDrive/Documents/Treevolution/Treevolution/Assets/Scripts/Buddy/BuddyScript.cs" />
        <File uid="18" fullPath="C:/Users/willt/OneDrive/Documents/Treevolution/Treevolution/Assets/Scripts/Buddy/BuddyToken.cs" />
        <File uid="19" fullPath="C:/Users/willt/OneDrive/Documents/Treevolution/Treevolution/Assets/Scripts/Control/EnemyManager.cs" />
        <File uid="20" fullPath="C:/Users/willt/OneDrive/Documents/Treevolution/Treevolution/Assets/Scripts/Control/GameProperties.cs" />
        <File uid="21" fullPath="C:/Users/willt/OneDrive/Documents/Treevolution/Treevolution/Assets/Scripts/Control/GameStateManager.cs" />
        <File uid="22" fullPath="C:/Users/willt/OneDrive/Documents/Treevolution/Treevolution/Assets/Scripts/Control/RoundTimer.cs" />
        <File uid="23" fullPath="C:/Users/willt/OneDrive/Documents/Treevolution/Treevolution/Assets/Scripts/Enemies/EnemyScript.cs" />
        <File uid="24" fullPath="C:/Users/willt/OneDrive/Documents/Treevolution/Treevolution/Assets/Scripts/Enemies/EnemyTouchHandler.cs" />
        <File uid="25" fullPath="C:/Users/willt/OneDrive/Documents/Treevolution/Treevolution/Assets/Scripts/Enemies/SpawnDirectionIndicator.cs" />
        <File uid="26" fullPath="C:/Users/willt/OneDrive/Documents/Treevolution/Treevolution/Assets/Scripts/Plane Mapping/PlaneMapper.cs" />
        <File uid="27" fullPath="C:/Users/willt/OneDrive/Documents/Treevolution/Treevolution/Assets/Scripts/Pointer/PointerLocationTracker.cs" />
        <File uid="28" fullPath="C:/Users/willt/OneDrive/Documents/Treevolution/Treevolution/Assets/Scripts/QR/QRDetection.cs" />
        <File uid="29" fullPath="C:/Users/willt/OneDrive/Documents/Treevolution/Treevolution/Assets/Scripts/QR/RealWorldPropertyMapper.cs" />
        <File uid="30" fullPath="C:/Users/willt/OneDrive/Documents/Treevolution/Treevolution/Assets/Scripts/QR/RuntimeMovable.cs" />
        <File uid="31" fullPath="C:/Users/willt/OneDrive/Documents/Treevolution/Treevolution/Assets/Scripts/Towers/TowerData.cs" />
        <File uid="32" fullPath="C:/Users/willt/OneDrive/Documents/Treevolution/Treevolution/Assets/Scripts/Towers/TowerGenerator.cs" />
        <File uid="33" fullPath="C:/Users/willt/OneDrive/Documents/Treevolution/Treevolution/Assets/Scripts/Towers/TowerHolder.cs" />
        <File uid="34" fullPath="C:/Users/willt/OneDrive/Documents/Treevolution/Treevolution/Assets/Scripts/Towers/TowerScript.cs" />
        <File uid="35" fullPath="C:/Users/willt/OneDrive/Documents/Treevolution/Treevolution/Assets/Scripts/UI/StartMenuLogic.cs" />
        <File uid="36" fullPath="C:/Users/willt/OneDrive/Documents/Treevolution/Treevolution/Assets/Scripts/UI/UIController.cs" />
        <File uid="37" fullPath="C:/Users/willt/OneDrive/Documents/Treevolution/Treevolution/Assets/Scripts/Voice/VoiceCommandReceiver.cs" />
        <File uid="38" fullPath="C:/Users/willt/OneDrive/Documents/Treevolution/Treevolution/Assets/Scripts/Walls/WallScript.cs" />
        <File uid="39" fullPath="C:/Users/willt/OneDrive/Documents/Treevolution/Treevolution/Assets/Shooting.cs" />
        <File uid="40" fullPath="C:/Users/willt/OneDrive/Documents/Treevolution/Treevolution/Assets/ShootingScript.cs" />
        <File uid="41" fullPath="C:/Users/willt/OneDrive/Documents/Treevolution/Treevolution/Assets/Shot.cs" />
        <File uid="42" fullPath="C:/Users/willt/OneDrive/Documents/Treevolution/Treevolution/Assets/test.cs" />
        <File uid="43" fullPath="C:/Users/willt/OneDrive/Documents/Treevolution/Treevolution/Assets/TreeScript.cs" />
        <File uid="44" fullPath="C:/Users/willt/OneDrive/Documents/Treevolution/Treevolution/Assets/TurretScript.cs" />
        <File uid="45" fullPath="C:/Users/willt/OneDrive/Documents/Treevolution/Treevolution/Assets/Scripts/Voice/ActionResolver.cs" />
        <File uid="46" fullPath="C:/Users/willt/OneDrive/Documents/Treevolution/Treevolution/Assets/Scripts/Voice/APICaller.cs" />
        <File uid="47" fullPath="C:/Users/willt/OneDrive/Documents/Treevolution/Treevolution/Assets/Scripts/Voice/LanguageParser.cs" />
        <File uid="48" fullPath="C:/Users/willt/OneDrive/Documents/Treevolution/Treevolution/Assets/Scripts/Voice/WordTokenMapper.cs" />
        <File uid="49" fullPath="C:/Users/willt/OneDrive/Documents/Treevolution/Treevolution/Assets/Scripts/Pathfinding/Pathfinder.cs" />
        <File uid="50" fullPath="C:/Users/willt/OneDrive/Documents/Treevolution/Treevolution/Assets/Scripts/Pathfinding/PathfindingGraphGenerator.cs" />
        <File uid="51" fullPath="C:/Users/willt/OneDrive/Documents/Treevolution/Treevolution/Assets/Scripts/Pathfinding/PathfindingNode.cs" />
        <File uid="52" fullPath="C:/Users/willt/OneDrive/Documents/Treevolution/Treevolution/Assets/Scripts/Pathfinding/PathfindingObstacle.cs" />
        <File uid="53" fullPath="C:/Users/willt/OneDrive/Documents/Treevolution/Treevolution/Assets/Scripts/Pathfinding/PathfindingUpdatePublisher.cs" />
      </Files>
      <Classes>
        <Class>
          <Summary numSequencePoints="8" visitedSequencePoints="0" numBranchPoints="0" visitedBranchPoints="0" sequenceCoverage="0.0" branchCoverage="0.0" maxCyclomaticComplexity="0" minCyclomaticComplexity="0" maxCrapScore="0" minCrapScore="0" visitedClasses="0" numClasses="1" visitedMethods="0" numMethods="3" />
          <FullName>BulletScript</FullName>
          <Methods>
            <Method visited="false" cyclomaticComplexity="0" nPathComplexity="0" sequenceCoverage="0.0" branchCoverage="0" crapScore="0" isConstructor="false" isStatic="false" isGetter="false" isSetter="false">
              <Summary numSequencePoints="3" visitedSequencePoints="0" numBranchPoints="0" visitedBranchPoints="0" sequenceCoverage="0.0" branchCoverage="0" maxCyclomaticComplexity="0" minCyclomaticComplexity="0" maxCrapScore="0" minCrapScore="0" visitedClasses="0" numClasses="0" visitedMethods="0" numMethods="1" />
              <MetadataToken>100663297</MetadataToken>
              <Name>System.Void BulletScript::Update()</Name>
              <FileRef uid="5" />
              <SequencePoints>
                <SequencePoint vc="0" uspid="210" ordinal="0" offset="0" sl="9" sc="0" el="9" ec="0" bec="0" bev="0" fileid="5" />
                <SequencePoint vc="0" uspid="211" ordinal="0" offset="1" sl="10" sc="0" el="10" ec="0" bec="0" bev="0" fileid="5" />
                <SequencePoint vc="0" uspid="212" ordinal="0" offset="40" sl="11" sc="0" el="11" ec="0" bec="0" bev="0" fileid="5" />
              </SequencePoints>
              <BranchPoints />
            </Method>
            <Method visited="false" cyclomaticComplexity="0" nPathComplexity="0" sequenceCoverage="0.0" branchCoverage="0" crapScore="0" isConstructor="false" isStatic="false" isGetter="false" isSetter="false">
              <Summary numSequencePoints="4" visitedSequencePoints="0" numBranchPoints="0" visitedBranchPoints="0" sequenceCoverage="0.0" branchCoverage="0" maxCyclomaticComplexity="0" minCyclomaticComplexity="0" maxCrapScore="0" minCrapScore="0" visitedClasses="0" numClasses="0" visitedMethods="0" numMethods="1" />
              <MetadataToken>100663298</MetadataToken>
              <Name>System.Void BulletScript::OnCollisionEnter(UnityEngine.Collision)</Name>
              <FileRef uid="5" />
              <SequencePoints>
                <SequencePoint vc="0" uspid="213" ordinal="0" offset="0" sl="13" sc="0" el="13" ec="0" bec="0" bev="0" fileid="5" />
                <SequencePoint vc="0" uspid="214" ordinal="0" offset="1" sl="14" sc="0" el="14" ec="0" bec="0" bev="0" fileid="5" />
                <SequencePoint vc="0" uspid="215" ordinal="0" offset="75" sl="14" sc="0" el="14" ec="0" bec="0" bev="0" fileid="5" />
                <SequencePoint vc="0" uspid="216" ordinal="0" offset="87" sl="15" sc="0" el="15" ec="0" bec="0" bev="0" fileid="5" />
              </SequencePoints>
              <BranchPoints />
            </Method>
            <Method visited="false" cyclomaticComplexity="0" nPathComplexity="0" sequenceCoverage="0.0" branchCoverage="0" crapScore="0" isConstructor="true" isStatic="false" isGetter="false" isSetter="false">
              <Summary numSequencePoints="1" visitedSequencePoints="0" numBranchPoints="0" visitedBranchPoints="0" sequenceCoverage="0.0" branchCoverage="0" maxCyclomaticComplexity="0" minCyclomaticComplexity="0" maxCrapScore="0" minCrapScore="0" visitedClasses="0" numClasses="0" visitedMethods="0" numMethods="1" />
              <MetadataToken>100663299</MetadataToken>
              <Name>BulletScript::BulletScript()</Name>
              <FileRef uid="5" />
              <SequencePoints>
                <SequencePoint vc="0" uspid="217" ordinal="0" offset="0" sl="5" sc="0" el="5" ec="0" bec="0" bev="0" fileid="5" />
              </SequencePoints>
              <BranchPoints />
            </Method>
          </Methods>
        </Class>
        <Class>
          <Summary numSequencePoints="16" visitedSequencePoints="0" numBranchPoints="0" visitedBranchPoints="0" sequenceCoverage="0.0" branchCoverage="0.0" maxCyclomaticComplexity="0" minCyclomaticComplexity="0" maxCrapScore="0" minCrapScore="0" visitedClasses="0" numClasses="1" visitedMethods="0" numMethods="3" />
          <FullName>EnemyTestScript</FullName>
          <Methods>
            <Method visited="false" cyclomaticComplexity="0" nPathComplexity="0" sequenceCoverage="0.0" branchCoverage="0" crapScore="0" isConstructor="false" isStatic="false" isGetter="false" isSetter="false">
              <Summary numSequencePoints="2" visitedSequencePoints="0" numBranchPoints="0" visitedBranchPoints="0" sequenceCoverage="0.0" branchCoverage="0" maxCyclomaticComplexity="0" minCyclomaticComplexity="0" maxCrapScore="0" minCrapScore="0" visitedClasses="0" numClasses="0" visitedMethods="0" numMethods="1" />
              <MetadataToken>100663300</MetadataToken>
              <Name>System.Void EnemyTestScript::Start()</Name>
              <FileRef uid="6" />
              <SequencePoints>
                <SequencePoint vc="0" uspid="218" ordinal="0" offset="0" sl="12" sc="0" el="12" ec="0" bec="0" bev="0" fileid="6" />
                <SequencePoint vc="0" uspid="219" ordinal="0" offset="1" sl="14" sc="0" el="14" ec="0" bec="0" bev="0" fileid="6" />
              </SequencePoints>
              <BranchPoints />
            </Method>
            <Method visited="false" cyclomaticComplexity="0" nPathComplexity="0" sequenceCoverage="0.0" branchCoverage="0" crapScore="0" isConstructor="false" isStatic="false" isGetter="false" isSetter="false">
              <Summary numSequencePoints="12" visitedSequencePoints="0" numBranchPoints="0" visitedBranchPoints="0" sequenceCoverage="0.0" branchCoverage="0" maxCyclomaticComplexity="0" minCyclomaticComplexity="0" maxCrapScore="0" minCrapScore="0" visitedClasses="0" numClasses="0" visitedMethods="0" numMethods="1" />
              <MetadataToken>100663301</MetadataToken>
              <Name>System.Void EnemyTestScript::Update()</Name>
              <FileRef uid="6" />
              <SequencePoints>
                <SequencePoint vc="0" uspid="220" ordinal="0" offset="0" sl="18" sc="0" el="18" ec="0" bec="0" bev="0" fileid="6" />
                <SequencePoint vc="0" uspid="221" ordinal="0" offset="1" sl="19" sc="0" el="19" ec="0" bec="0" bev="0" fileid="6" />
                <SequencePoint vc="0" uspid="222" ordinal="0" offset="12" sl="20" sc="0" el="20" ec="0" bec="0" bev="0" fileid="6" />
                <SequencePoint vc="0" uspid="223" ordinal="0" offset="23" sl="21" sc="0" el="21" ec="0" bec="0" bev="0" fileid="6" />
                <SequencePoint vc="0" uspid="224" ordinal="0" offset="37" sl="22" sc="0" el="22" ec="0" bec="0" bev="0" fileid="6" />
                <SequencePoint vc="0" uspid="225" ordinal="0" offset="45" sl="23" sc="0" el="23" ec="0" bec="0" bev="0" fileid="6" />
                <SequencePoint vc="0" uspid="226" ordinal="0" offset="80" sl="24" sc="0" el="24" ec="0" bec="0" bev="0" fileid="6" />
                <SequencePoint vc="0" uspid="227" ordinal="0" offset="95" sl="25" sc="0" el="25" ec="0" bec="0" bev="0" fileid="6" />
                <SequencePoint vc="0" uspid="228" ordinal="0" offset="96" sl="26" sc="0" el="26" ec="0" bec="0" bev="0" fileid="6" />
                <SequencePoint vc="0" uspid="229" ordinal="0" offset="114" sl="27" sc="0" el="27" ec="0" bec="0" bev="0" fileid="6" />
                <SequencePoint vc="0" uspid="230" ordinal="0" offset="156" sl="28" sc="0" el="28" ec="0" bec="0" bev="0" fileid="6" />
                <SequencePoint vc="0" uspid="231" ordinal="0" offset="157" sl="38" sc="0" el="38" ec="0" bec="0" bev="0" fileid="6" />
              </SequencePoints>
              <BranchPoints />
            </Method>
            <Method visited="false" cyclomaticComplexity="0" nPathComplexity="0" sequenceCoverage="0.0" branchCoverage="0" crapScore="0" isConstructor="true" isStatic="false" isGetter="false" isSetter="false">
              <Summary numSequencePoints="2" visitedSequencePoints="0" numBranchPoints="0" visitedBranchPoints="0" sequenceCoverage="0.0" branchCoverage="0" maxCyclomaticComplexity="0" minCyclomaticComplexity="0" maxCrapScore="0" minCrapScore="0" visitedClasses="0" numClasses="0" visitedMethods="0" numMethods="1" />
              <MetadataToken>100663302</MetadataToken>
              <Name>EnemyTestScript::EnemyTestScript()</Name>
              <FileRef uid="6" />
              <SequencePoints>
                <SequencePoint vc="0" uspid="232" ordinal="0" offset="0" sl="5" sc="0" el="5" ec="0" bec="0" bev="0" fileid="6" />
                <SequencePoint vc="0" uspid="233" ordinal="0" offset="11" sl="9" sc="0" el="9" ec="0" bec="0" bev="0" fileid="6" />
              </SequencePoints>
              <BranchPoints />
            </Method>
          </Methods>
        </Class>
        <Class>
          <Summary numSequencePoints="11" visitedSequencePoints="0" numBranchPoints="0" visitedBranchPoints="0" sequenceCoverage="0.0" branchCoverage="0.0" maxCyclomaticComplexity="0" minCyclomaticComplexity="0" maxCrapScore="0" minCrapScore="0" visitedClasses="0" numClasses="1" visitedMethods="0" numMethods="4" />
          <FullName>Gun</FullName>
          <Methods>
            <Method visited="false" cyclomaticComplexity="0" nPathComplexity="0" sequenceCoverage="0.0" branchCoverage="0" crapScore="0" isConstructor="false" isStatic="false" isGetter="false" isSetter="false">
              <Summary numSequencePoints="4" visitedSequencePoints="0" numBranchPoints="0" visitedBranchPoints="0" sequenceCoverage="0.0" branchCoverage="0" maxCyclomaticComplexity="0" minCyclomaticComplexity="0" maxCrapScore="0" minCrapScore="0" visitedClasses="0" numClasses="0" visitedMethods="0" numMethods="1" />
              <MetadataToken>100663303</MetadataToken>
              <Name>System.Void Gun::Start()</Name>
              <FileRef uid="7" />
              <SequencePoints>
                <SequencePoint vc="0" uspid="234" ordinal="0" offset="0" sl="10" sc="0" el="10" ec="0" bec="0" bev="0" fileid="7" />
                <SequencePoint vc="0" uspid="235" ordinal="0" offset="1" sl="11" sc="0" el="11" ec="0" bec="0" bev="0" fileid="7" />
                <SequencePoint vc="0" uspid="236" ordinal="0" offset="17" sl="12" sc="0" el="12" ec="0" bec="0" bev="0" fileid="7" />
                <SequencePoint vc="0" uspid="237" ordinal="0" offset="34" sl="13" sc="0" el="13" ec="0" bec="0" bev="0" fileid="7" />
              </SequencePoints>
              <BranchPoints />
            </Method>
            <Method visited="false" cyclomaticComplexity="0" nPathComplexity="0" sequenceCoverage="0.0" branchCoverage="0" crapScore="0" isConstructor="false" isStatic="false" isGetter="false" isSetter="false">
              <Summary numSequencePoints="3" visitedSequencePoints="0" numBranchPoints="0" visitedBranchPoints="0" sequenceCoverage="0.0" branchCoverage="0" maxCyclomaticComplexity="0" minCyclomaticComplexity="0" maxCrapScore="0" minCrapScore="0" visitedClasses="0" numClasses="0" visitedMethods="0" numMethods="1" />
              <MetadataToken>100663304</MetadataToken>
              <Name>System.Single Gun::GetRateOfFire()</Name>
              <FileRef uid="7" />
              <SequencePoints>
                <SequencePoint vc="0" uspid="238" ordinal="0" offset="0" sl="16" sc="0" el="16" ec="0" bec="0" bev="0" fileid="7" />
                <SequencePoint vc="0" uspid="239" ordinal="0" offset="1" sl="17" sc="0" el="17" ec="0" bec="0" bev="0" fileid="7" />
                <SequencePoint vc="0" uspid="240" ordinal="0" offset="10" sl="18" sc="0" el="18" ec="0" bec="0" bev="0" fileid="7" />
              </SequencePoints>
              <BranchPoints />
            </Method>
            <Method visited="false" cyclomaticComplexity="0" nPathComplexity="0" sequenceCoverage="0.0" branchCoverage="0" crapScore="0" isConstructor="false" isStatic="false" isGetter="false" isSetter="false">
              <Summary numSequencePoints="3" visitedSequencePoints="0" numBranchPoints="0" visitedBranchPoints="0" sequenceCoverage="0.0" branchCoverage="0" maxCyclomaticComplexity="0" minCyclomaticComplexity="0" maxCrapScore="0" minCrapScore="0" visitedClasses="0" numClasses="0" visitedMethods="0" numMethods="1" />
              <MetadataToken>100663305</MetadataToken>
              <Name>System.Void Gun::Fire()</Name>
              <FileRef uid="7" />
              <SequencePoints>
                <SequencePoint vc="0" uspid="241" ordinal="0" offset="0" sl="21" sc="0" el="21" ec="0" bec="0" bev="0" fileid="7" />
                <SequencePoint vc="0" uspid="242" ordinal="0" offset="1" sl="22" sc="0" el="22" ec="0" bec="0" bev="0" fileid="7" />
                <SequencePoint vc="0" uspid="243" ordinal="0" offset="35" sl="23" sc="0" el="23" ec="0" bec="0" bev="0" fileid="7" />
              </SequencePoints>
              <BranchPoints />
            </Method>
            <Method visited="false" cyclomaticComplexity="0" nPathComplexity="0" sequenceCoverage="0.0" branchCoverage="0" crapScore="0" isConstructor="true" isStatic="false" isGetter="false" isSetter="false">
              <Summary numSequencePoints="1" visitedSequencePoints="0" numBranchPoints="0" visitedBranchPoints="0" sequenceCoverage="0.0" branchCoverage="0" maxCyclomaticComplexity="0" minCyclomaticComplexity="0" maxCrapScore="0" minCrapScore="0" visitedClasses="0" numClasses="0" visitedMethods="0" numMethods="1" />
[...]
              <MetadataToken>100663694</MetadataToken>
              <Name>System.Boolean VoiceCommandReceiver/&lt;Indicator&gt;d__14::MoveNext()</Name>
              <FileRef uid="37" />
              <SequencePoints>
                <SequencePoint vc="0" uspid="2397" ordinal="0" offset="31" sl="115" sc="0" el="115" ec="0" bec="0" bev="0" fileid="37" />
                <SequencePoint vc="0" uspid="2398" ordinal="0" offset="32" sl="116" sc="0" el="116" ec="0" bec="0" bev="0" fileid="37" />
                <SequencePoint vc="0" uspid="2399" ordinal="0" offset="64" sl="117" sc="0" el="117" ec="0" bec="0" bev="0" fileid="37" />
                <SequencePoint vc="0" uspid="2400" ordinal="0" offset="96" sl="118" sc="0" el="118" ec="0" bec="0" bev="0" fileid="37" />
                <SequencePoint vc="0" uspid="2401" ordinal="0" offset="128" sl="119" sc="0" el="119" ec="0" bec="0" bev="0" fileid="37" />
                <SequencePoint vc="0" uspid="2402" ordinal="0" offset="161" sl="120" sc="0" el="120" ec="0" bec="0" bev="0" fileid="37" />
              </SequencePoints>
              <BranchPoints />
            </Method>
          </Methods>
        </Class>
        <Class>
          <Summary numSequencePoints="1" visitedSequencePoints="1" numBranchPoints="0" visitedBranchPoints="0" sequenceCoverage="100.0" branchCoverage="0.0" maxCyclomaticComplexity="0" minCyclomaticComplexity="0" maxCrapScore="0" minCrapScore="0" visitedClasses="1" numClasses="1" visitedMethods="1" numMethods="1" />
          <FullName>LanguageParsing.ActionResolver/&lt;&gt;c__DisplayClass3_0</FullName>
          <Methods>
            <Method visited="true" cyclomaticComplexity="0" nPathComplexity="0" sequenceCoverage="100.0" branchCoverage="0" crapScore="0" isConstructor="false" isStatic="false" isGetter="false" isSetter="false">
              <Summary numSequencePoints="1" visitedSequencePoints="1" numBranchPoints="0" visitedBranchPoints="0" sequenceCoverage="100.0" branchCoverage="0" maxCyclomaticComplexity="0" minCyclomaticComplexity="0" maxCrapScore="0" minCrapScore="0" visitedClasses="0" numClasses="0" visitedMethods="1" numMethods="1" />
              <MetadataToken>100663699</MetadataToken>
              <Name>System.Boolean LanguageParsing.ActionResolver/&lt;&gt;c__DisplayClass3_0::&lt;getSubject&gt;b__0(UnityEngine.GameObject)</Name>
              <FileRef uid="45" />
              <SequencePoints>
                <SequencePoint vc="4" uspid="2403" ordinal="0" offset="0" sl="61" sc="56" el="61" ec="56" bec="0" bev="0" fileid="45" />
              </SequencePoints>
              <BranchPoints />
            </Method>
          </Methods>
        </Class>
        <Class>
          <Summary numSequencePoints="1" visitedSequencePoints="1" numBranchPoints="0" visitedBranchPoints="0" sequenceCoverage="100.0" branchCoverage="0.0" maxCyclomaticComplexity="0" minCyclomaticComplexity="0" maxCrapScore="0" minCrapScore="0" visitedClasses="1" numClasses="1" visitedMethods="1" numMethods="1" />
          <FullName>LanguageParsing.ActionResolver/&lt;&gt;c__DisplayClass5_0</FullName>
          <Methods>
            <Method visited="true" cyclomaticComplexity="0" nPathComplexity="0" sequenceCoverage="100.0" branchCoverage="0" crapScore="0" isConstructor="false" isStatic="false" isGetter="false" isSetter="false">
              <Summary numSequencePoints="1" visitedSequencePoints="1" numBranchPoints="0" visitedBranchPoints="0" sequenceCoverage="100.0" branchCoverage="0" maxCyclomaticComplexity="0" minCyclomaticComplexity="0" maxCrapScore="0" minCrapScore="0" visitedClasses="0" numClasses="0" visitedMethods="1" numMethods="1" />
              <MetadataToken>100663701</MetadataToken>
              <Name>System.Boolean LanguageParsing.ActionResolver/&lt;&gt;c__DisplayClass5_0::&lt;filterByRestrictions&gt;b__0(UnityEngine.GameObject)</Name>
              <FileRef uid="45" />
              <SequencePoints>
                <SequencePoint vc="12" uspid="2404" ordinal="0" offset="0" sl="81" sc="40" el="81" ec="40" bec="0" bev="0" fileid="45" />
              </SequencePoints>
              <BranchPoints />
            </Method>
          </Methods>
        </Class>
        <Class>
          <Summary numSequencePoints="26" visitedSequencePoints="18" numBranchPoints="0" visitedBranchPoints="0" sequenceCoverage="69.23" branchCoverage="0.0" maxCyclomaticComplexity="0" minCyclomaticComplexity="0" maxCrapScore="0" minCrapScore="0" visitedClasses="1" numClasses="1" visitedMethods="1" numMethods="1" />
          <FullName>LanguageParsing.ThesaurusAPICaller/&lt;GetSynonyms&gt;d__6</FullName>
          <Methods>
            <Method visited="true" cyclomaticComplexity="0" nPathComplexity="0" sequenceCoverage="69.23" branchCoverage="0" crapScore="0" isConstructor="false" isStatic="false" isGetter="false" isSetter="false">
              <Summary numSequencePoints="26" visitedSequencePoints="18" numBranchPoints="0" visitedBranchPoints="0" sequenceCoverage="69.23" branchCoverage="0" maxCyclomaticComplexity="0" minCyclomaticComplexity="0" maxCrapScore="0" minCrapScore="0" visitedClasses="0" numClasses="0" visitedMethods="1" numMethods="1" />
              <MetadataToken>100663704</MetadataToken>
              <Name>System.Boolean LanguageParsing.ThesaurusAPICaller/&lt;GetSynonyms&gt;d__6::MoveNext()</Name>
              <FileRef uid="46" />
              <SequencePoints>
                <SequencePoint vc="3" uspid="2405" ordinal="0" offset="54" sl="64" sc="9" el="64" ec="9" bec="0" bev="0" fileid="46" />
                <SequencePoint vc="3" uspid="2406" ordinal="0" offset="55" sl="65" sc="13" el="65" ec="13" bec="0" bev="0" fileid="46" />
                <SequencePoint vc="3" uspid="2407" ordinal="0" offset="83" sl="66" sc="13" el="66" ec="13" bec="0" bev="0" fileid="46" />
                <SequencePoint vc="3" uspid="2408" ordinal="0" offset="116" sl="67" sc="13" el="67" ec="13" bec="0" bev="0" fileid="46" />
                <SequencePoint vc="3" uspid="2409" ordinal="0" offset="137" sl="68" sc="13" el="68" ec="13" bec="0" bev="0" fileid="46" />
                <SequencePoint vc="3" uspid="2410" ordinal="0" offset="138" sl="69" sc="17" el="69" ec="17" bec="0" bev="0" fileid="46" />
                <SequencePoint vc="3" uspid="2411" ordinal="0" offset="149" sl="71" sc="17" el="71" ec="17" bec="0" bev="0" fileid="46" />
                <SequencePoint vc="3" uspid="2412" ordinal="0" offset="150" sl="72" sc="21" el="72" ec="21" bec="0" bev="0" fileid="46" />
                <SequencePoint vc="3" uspid="2413" ordinal="0" offset="177" sl="73" sc="26" el="73" ec="26" bec="0" bev="0" fileid="46" />
                <SequencePoint vc="23" uspid="2414" ordinal="0" offset="186" sl="74" sc="21" el="74" ec="21" bec="0" bev="0" fileid="46" />
                <SequencePoint vc="23" uspid="2415" ordinal="0" offset="187" sl="75" sc="25" el="75" ec="25" bec="0" bev="0" fileid="46" />
                <SequencePoint vc="23" uspid="2416" ordinal="0" offset="289" sl="76" sc="21" el="76" ec="21" bec="0" bev="0" fileid="46" />
                <SequencePoint vc="23" uspid="2417" ordinal="0" offset="290" sl="73" sc="71" el="73" ec="71" bec="0" bev="0" fileid="46" />
                <SequencePoint vc="26" uspid="2418" ordinal="0" offset="306" sl="73" sc="45" el="73" ec="45" bec="0" bev="0" fileid="46" />
                <SequencePoint vc="3" uspid="2419" ordinal="0" offset="332" sl="78" sc="17" el="78" ec="17" bec="0" bev="0" fileid="46" />
                <SequencePoint vc="0" uspid="2420" ordinal="0" offset="342" sl="79" sc="17" el="79" ec="17" bec="0" bev="0" fileid="46" />
                <SequencePoint vc="0" uspid="2421" ordinal="0" offset="352" sl="80" sc="17" el="80" ec="17" bec="0" bev="0" fileid="46" />
                <SequencePoint vc="0" uspid="2422" ordinal="0" offset="353" sl="81" sc="21" el="81" ec="21" bec="0" bev="0" fileid="46" />
                <SequencePoint vc="0" uspid="2423" ordinal="0" offset="380" sl="82" sc="17" el="82" ec="17" bec="0" bev="0" fileid="46" />
                <SequencePoint vc="3" uspid="2424" ordinal="0" offset="383" sl="83" sc="17" el="83" ec="17" bec="0" bev="0" fileid="46" />
                <SequencePoint vc="3" uspid="2425" ordinal="0" offset="422" sl="84" sc="13" el="84" ec="13" bec="0" bev="0" fileid="46" />
                <SequencePoint vc="0" uspid="2426" ordinal="0" offset="432" sl="86" sc="13" el="86" ec="13" bec="0" bev="0" fileid="46" />
                <SequencePoint vc="0" uspid="2427" ordinal="0" offset="433" sl="87" sc="17" el="87" ec="17" bec="0" bev="0" fileid="46" />
                <SequencePoint vc="0" uspid="2428" ordinal="0" offset="481" sl="88" sc="17" el="88" ec="17" bec="0" bev="0" fileid="46" />
                <SequencePoint vc="0" uspid="2429" ordinal="0" offset="515" sl="89" sc="13" el="89" ec="13" bec="0" bev="0" fileid="46" />
                <SequencePoint vc="3" uspid="2430" ordinal="0" offset="516" sl="90" sc="9" el="90" ec="9" bec="0" bev="0" fileid="46" />
              </SequencePoints>
              <BranchPoints />
            </Method>
          </Methods>
        </Class>
        <Class>
          <Summary numSequencePoints="24" visitedSequencePoints="21" numBranchPoints="0" visitedBranchPoints="0" sequenceCoverage="87.50" branchCoverage="0.0" maxCyclomaticComplexity="0" minCyclomaticComplexity="0" maxCrapScore="0" minCrapScore="0" visitedClasses="1" numClasses="1" visitedMethods="1" numMethods="1" />
          <FullName>LanguageParsing.LanguageParser/&lt;GetInstructionStream&gt;d__5</FullName>
          <Methods>
            <Method visited="true" cyclomaticComplexity="0" nPathComplexity="0" sequenceCoverage="87.50" branchCoverage="0" crapScore="0" isConstructor="false" isStatic="false" isGetter="false" isSetter="false">
              <Summary numSequencePoints="24" visitedSequencePoints="21" numBranchPoints="0" visitedBranchPoints="0" sequenceCoverage="87.50" branchCoverage="0" maxCyclomaticComplexity="0" minCyclomaticComplexity="0" maxCrapScore="0" minCrapScore="0" visitedClasses="0" numClasses="0" visitedMethods="1" numMethods="1" />
              <MetadataToken>100663710</MetadataToken>
              <Name>System.Boolean LanguageParsing.LanguageParser/&lt;GetInstructionStream&gt;d__5::MoveNext()</Name>
              <FileRef uid="47" />
              <SequencePoints>
                <SequencePoint vc="8" uspid="2431" ordinal="0" offset="48" sl="37" sc="9" el="37" ec="9" bec="0" bev="0" fileid="47" />
                <SequencePoint vc="8" uspid="2432" ordinal="0" offset="49" sl="39" sc="13" el="39" ec="13" bec="0" bev="0" fileid="47" />
                <SequencePoint vc="8" uspid="2433" ordinal="0" offset="50" sl="39" sc="40" el="39" ec="40" bec="0" bev="0" fileid="47" />
                <SequencePoint vc="18" uspid="2434" ordinal="0" offset="74" sl="39" sc="22" el="39" ec="22" bec="0" bev="0" fileid="47" />
                <SequencePoint vc="18" uspid="2435" ordinal="0" offset="93" sl="40" sc="13" el="40" ec="13" bec="0" bev="0" fileid="47" />
                <SequencePoint vc="18" uspid="2436" ordinal="0" offset="94" sl="41" sc="17" el="41" ec="17" bec="0" bev="0" fileid="47" />
                <SequencePoint vc="18" uspid="2437" ordinal="0" offset="117" sl="42" sc="17" el="42" ec="17" bec="0" bev="0" fileid="47" />
                <SequencePoint vc="18" uspid="2438" ordinal="0" offset="138" sl="43" sc="17" el="43" ec="17" bec="0" bev="0" fileid="47" />
                <SequencePoint vc="18" uspid="2439" ordinal="0" offset="139" sl="45" sc="21" el="45" ec="21" bec="0" bev="0" fileid="47" />
                <SequencePoint vc="15" uspid="2440" ordinal="0" offset="171" sl="46" sc="21" el="46" ec="21" bec="0" bev="0" fileid="47" />
                <SequencePoint vc="15" uspid="2441" ordinal="0" offset="172" sl="48" sc="25" el="48" ec="25" bec="0" bev="0" fileid="47" />
                <SequencePoint vc="15" uspid="2442" ordinal="0" offset="195" sl="49" sc="25" el="49" ec="25" bec="0" bev="0" fileid="47" />
                <SequencePoint vc="15" uspid="2443" ordinal="0" offset="218" sl="50" sc="21" el="50" ec="21" bec="0" bev="0" fileid="47" />
                <SequencePoint vc="3" uspid="2444" ordinal="0" offset="221" sl="52" sc="21" el="52" ec="21" bec="0" bev="0" fileid="47" />
                <SequencePoint vc="3" uspid="2445" ordinal="0" offset="222" sl="54" sc="25" el="54" ec="25" bec="0" bev="0" fileid="47" />
                <SequencePoint vc="3" uspid="2446" ordinal="0" offset="283" sl="56" sc="21" el="56" ec="21" bec="0" bev="0" fileid="47" />
                <SequencePoint vc="18" uspid="2447" ordinal="0" offset="284" sl="57" sc="17" el="57" ec="17" bec="0" bev="0" fileid="47" />
                <SequencePoint vc="0" uspid="2448" ordinal="0" offset="294" sl="59" sc="17" el="59" ec="17" bec="0" bev="0" fileid="47" />
                <SequencePoint vc="0" uspid="2449" ordinal="0" offset="295" sl="60" sc="21" el="60" ec="21" bec="0" bev="0" fileid="47" />
                <SequencePoint vc="0" uspid="2450" ordinal="0" offset="306" sl="61" sc="17" el="61" ec="17" bec="0" bev="0" fileid="47" />
                <SequencePoint vc="18" uspid="2451" ordinal="0" offset="307" sl="62" sc="13" el="62" ec="13" bec="0" bev="0" fileid="47" />
                <SequencePoint vc="26" uspid="2452" ordinal="0" offset="336" sl="39" sc="37" el="39" ec="37" bec="0" bev="0" fileid="47" />
                <SequencePoint vc="8" uspid="2453" ordinal="0" offset="362" sl="63" sc="13" el="63" ec="13" bec="0" bev="0" fileid="47" />
                <SequencePoint vc="8" uspid="2454" ordinal="0" offset="385" sl="64" sc="9" el="64" ec="9" bec="0" bev="0" fileid="47" />
              </SequencePoints>
              <BranchPoints />
            </Method>
          </Methods>
        </Class>
        <Class>
          <Summary numSequencePoints="19" visitedSequencePoints="19" numBranchPoints="0" visitedBranchPoints="0" sequenceCoverage="100.0" branchCoverage="0.0" maxCyclomaticComplexity="0" minCyclomaticComplexity="0" maxCrapScore="0" minCrapScore="0" visitedClasses="1" numClasses="1" visitedMethods="1" numMethods="1" />
          <FullName>LanguageParsing.LanguageParser/&lt;synonymAPICallResults&gt;d__8</FullName>
          <Methods>
            <Method visited="true" cyclomaticComplexity="0" nPathComplexity="0" sequenceCoverage="100.0" branchCoverage="0" crapScore="0" isConstructor="false" isStatic="false" isGetter="false" isSetter="false">
              <Summary numSequencePoints="19" visitedSequencePoints="19" numBranchPoints="0" visitedBranchPoints="0" sequenceCoverage="100.0" branchCoverage="0" maxCyclomaticComplexity="0" minCyclomaticComplexity="0" maxCrapScore="0" minCrapScore="0" visitedClasses="0" numClasses="0" visitedMethods="1" numMethods="1" />
              <MetadataToken>100663716</MetadataToken>
              <Name>System.Boolean LanguageParsing.LanguageParser/&lt;synonymAPICallResults&gt;d__8::MoveNext()</Name>
              <FileRef uid="47" />
              <SequencePoints>
                <SequencePoint vc="3" uspid="2455" ordinal="0" offset="34" sl="132" sc="9" el="132" ec="9" bec="0" bev="0" fileid="47" />
                <SequencePoint vc="3" uspid="2456" ordinal="0" offset="35" sl="133" sc="13" el="133" ec="13" bec="0" bev="0" fileid="47" />
                <SequencePoint vc="3" uspid="2457" ordinal="0" offset="67" sl="134" sc="13" el="134" ec="13" bec="0" bev="0" fileid="47" />
                <SequencePoint vc="3" uspid="2458" ordinal="0" offset="68" sl="135" sc="17" el="135" ec="17" bec="0" bev="0" fileid="47" />
                <SequencePoint vc="3" uspid="2459" ordinal="0" offset="79" sl="136" sc="17" el="136" ec="17" bec="0" bev="0" fileid="47" />
                <SequencePoint vc="3" uspid="2460" ordinal="0" offset="103" sl="137" sc="17" el="137" ec="17" bec="0" bev="0" fileid="47" />
                <SequencePoint vc="3" uspid="2461" ordinal="0" offset="104" sl="137" sc="39" el="137" ec="39" bec="0" bev="0" fileid="47" />
                <SequencePoint vc="6" uspid="2462" ordinal="0" offset="128" sl="137" sc="26" el="137" ec="26" bec="0" bev="0" fileid="47" />
                <SequencePoint vc="6" uspid="2463" ordinal="0" offset="145" sl="138" sc="17" el="138" ec="17" bec="0" bev="0" fileid="47" />
                <SequencePoint vc="6" uspid="2464" ordinal="0" offset="146" sl="140" sc="21" el="140" ec="21" bec="0" bev="0" fileid="47" />
                <SequencePoint vc="6" uspid="2465" ordinal="0" offset="170" sl="142" sc="21" el="142" ec="21" bec="0" bev="0" fileid="47" />
                <SequencePoint vc="1" uspid="2466" ordinal="0" offset="208" sl="143" sc="21" el="143" ec="21" bec="0" bev="0" fileid="47" />
                <SequencePoint vc="1" uspid="2467" ordinal="0" offset="209" sl="144" sc="25" el="144" ec="25" bec="0" bev="0" fileid="47" />
                <SequencePoint vc="1" uspid="2468" ordinal="0" offset="232" sl="145" sc="21" el="145" ec="21" bec="0" bev="0" fileid="47" />
                <SequencePoint vc="6" uspid="2469" ordinal="0" offset="233" sl="146" sc="17" el="146" ec="17" bec="0" bev="0" fileid="47" />
                <SequencePoint vc="9" uspid="2470" ordinal="0" offset="255" sl="137" sc="36" el="137" ec="36" bec="0" bev="0" fileid="47" />
                <SequencePoint vc="3" uspid="2471" ordinal="0" offset="304" sl="147" sc="13" el="147" ec="13" bec="0" bev="0" fileid="47" />
                <SequencePoint vc="3" uspid="2472" ordinal="0" offset="312" sl="148" sc="13" el="148" ec="13" bec="0" bev="0" fileid="47" />
                <SequencePoint vc="3" uspid="2473" ordinal="0" offset="335" sl="149" sc="9" el="149" ec="9" bec="0" bev="0" fileid="47" />
              </SequencePoints>
              <BranchPoints />
            </Method>
          </Methods>
        </Class>
        <Class>
          <Summary numSequencePoints="4" visitedSequencePoints="4" numBranchPoints="0" visitedBranchPoints="0" sequenceCoverage="100.0" branchCoverage="0.0" maxCyclomaticComplexity="0" minCyclomaticComplexity="0" maxCrapScore="0" minCrapScore="0" visitedClasses="1" numClasses="1" visitedMethods="1" numMethods="1" />
          <FullName>Pathfinding.PathfindingGraphGenerator/ObstacleData</FullName>
          <Methods>
            <Method visited="true" cyclomaticComplexity="0" nPathComplexity="0" sequenceCoverage="100.0" branchCoverage="0" crapScore="0" isConstructor="true" isStatic="false" isGetter="false" isSetter="false">
              <Summary numSequencePoints="4" visitedSequencePoints="4" numBranchPoints="0" visitedBranchPoints="0" sequenceCoverage="100.0" branchCoverage="0" maxCyclomaticComplexity="0" minCyclomaticComplexity="0" maxCrapScore="0" minCrapScore="0" visitedClasses="0" numClasses="0" visitedMethods="1" numMethods="1" />
              <MetadataToken>100663720</MetadataToken>
              <Name>Pathfinding.PathfindingGraphGenerator/ObstacleData::ObstacleData(UnityEngine.Bounds, UnityEngine.Vector3[])</Name>
              <FileRef uid="50" />
              <SequencePoints>
                <SequencePoint vc="2" uspid="2474" ordinal="0" offset="0" sl="19" sc="13" el="19" ec="13" bec="0" bev="0" fileid="50" />
                <SequencePoint vc="2" uspid="2475" ordinal="0" offset="1" sl="20" sc="17" el="20" ec="17" bec="0" bev="0" fileid="50" />
                <SequencePoint vc="2" uspid="2476" ordinal="0" offset="8" sl="21" sc="17" el="21" ec="17" bec="0" bev="0" fileid="50" />
                <SequencePoint vc="2" uspid="2477" ordinal="0" offset="15" sl="22" sc="13" el="22" ec="13" bec="0" bev="0" fileid="50" />
              </SequencePoints>
              <BranchPoints />
            </Method>
          </Methods>
        </Class>
      </Classes>
    </Module>
  </Modules>
</CoverageSession>